{"/Users/code/work/yoStar/yo-auto-i18n/packages/core/src/command/init.ts": {"path":"/Users/code/work/yoStar/yo-auto-i18n/packages/core/src/command/init.ts","all":false,"statementMap":{"0":{"start":{"line":1,"column":0},"end":{"line":1,"column":23}},"1":{"start":{"line":2,"column":0},"end":{"line":2,"column":45}},"2":{"start":{"line":3,"column":0},"end":{"line":3,"column":25}},"3":{"start":{"line":4,"column":0},"end":{"line":4,"column":44}},"4":{"start":{"line":5,"column":0},"end":{"line":5,"column":53}},"5":{"start":{"line":6,"column":0},"end":{"line":6,"column":30}},"6":{"start":{"line":7,"column":0},"end":{"line":7,"column":59}},"7":{"start":{"line":8,"column":0},"end":{"line":8,"column":38}},"8":{"start":{"line":9,"column":0},"end":{"line":9,"column":40}},"9":{"start":{"line":10,"column":0},"end":{"line":10,"column":0}},"10":{"start":{"line":11,"column":0},"end":{"line":11,"column":36}},"11":{"start":{"line":12,"column":0},"end":{"line":12,"column":31}},"12":{"start":{"line":13,"column":0},"end":{"line":13,"column":54}},"13":{"start":{"line":14,"column":0},"end":{"line":14,"column":69}},"14":{"start":{"line":15,"column":0},"end":{"line":15,"column":34}},"15":{"start":{"line":16,"column":0},"end":{"line":16,"column":43}},"16":{"start":{"line":17,"column":0},"end":{"line":17,"column":36}},"17":{"start":{"line":18,"column":0},"end":{"line":18,"column":17}},"18":{"start":{"line":19,"column":0},"end":{"line":19,"column":3}},"19":{"start":{"line":20,"column":0},"end":{"line":20,"column":14}},"20":{"start":{"line":21,"column":0},"end":{"line":21,"column":1}},"21":{"start":{"line":22,"column":0},"end":{"line":22,"column":0}},"22":{"start":{"line":23,"column":0},"end":{"line":23,"column":55}},"23":{"start":{"line":24,"column":0},"end":{"line":24,"column":57}},"24":{"start":{"line":25,"column":0},"end":{"line":25,"column":33}},"25":{"start":{"line":26,"column":0},"end":{"line":26,"column":36}},"26":{"start":{"line":27,"column":0},"end":{"line":27,"column":60}},"27":{"start":{"line":28,"column":0},"end":{"line":28,"column":21}},"28":{"start":{"line":29,"column":0},"end":{"line":29,"column":5}},"29":{"start":{"line":30,"column":0},"end":{"line":30,"column":3}},"30":{"start":{"line":31,"column":0},"end":{"line":31,"column":11}},"31":{"start":{"line":32,"column":0},"end":{"line":32,"column":1}},"32":{"start":{"line":33,"column":0},"end":{"line":33,"column":0}},"33":{"start":{"line":34,"column":0},"end":{"line":34,"column":26}},"34":{"start":{"line":35,"column":0},"end":{"line":35,"column":51}},"35":{"start":{"line":36,"column":0},"end":{"line":36,"column":34}},"36":{"start":{"line":37,"column":0},"end":{"line":37,"column":0}},"37":{"start":{"line":38,"column":0},"end":{"line":38,"column":23}},"38":{"start":{"line":39,"column":0},"end":{"line":39,"column":50}},"39":{"start":{"line":40,"column":0},"end":{"line":40,"column":3}},"40":{"start":{"line":41,"column":0},"end":{"line":41,"column":8}},"41":{"start":{"line":42,"column":0},"end":{"line":42,"column":68}},"42":{"start":{"line":43,"column":0},"end":{"line":43,"column":0}},"43":{"start":{"line":44,"column":0},"end":{"line":44,"column":43}},"44":{"start":{"line":45,"column":0},"end":{"line":45,"column":0}},"45":{"start":{"line":46,"column":0},"end":{"line":46,"column":48}},"46":{"start":{"line":47,"column":0},"end":{"line":47,"column":0}},"47":{"start":{"line":48,"column":0},"end":{"line":48,"column":76}},"48":{"start":{"line":49,"column":0},"end":{"line":49,"column":54}},"49":{"start":{"line":50,"column":0},"end":{"line":50,"column":0}},"50":{"start":{"line":51,"column":0},"end":{"line":51,"column":22}},"51":{"start":{"line":52,"column":0},"end":{"line":52,"column":30}},"52":{"start":{"line":53,"column":0},"end":{"line":53,"column":0}},"53":{"start":{"line":54,"column":0},"end":{"line":54,"column":14}},"54":{"start":{"line":55,"column":0},"end":{"line":55,"column":45}},"55":{"start":{"line":56,"column":0},"end":{"line":56,"column":19}},"56":{"start":{"line":57,"column":0},"end":{"line":57,"column":8}},"57":{"start":{"line":58,"column":0},"end":{"line":58,"column":0}},"58":{"start":{"line":59,"column":0},"end":{"line":59,"column":39}},"59":{"start":{"line":60,"column":0},"end":{"line":60,"column":0}},"60":{"start":{"line":61,"column":0},"end":{"line":61,"column":26}},"61":{"start":{"line":62,"column":0},"end":{"line":62,"column":30}},"62":{"start":{"line":63,"column":0},"end":{"line":63,"column":0}},"63":{"start":{"line":64,"column":0},"end":{"line":64,"column":25}},"64":{"start":{"line":65,"column":0},"end":{"line":65,"column":3}},"65":{"start":{"line":66,"column":0},"end":{"line":66,"column":1}},"66":{"start":{"line":67,"column":0},"end":{"line":67,"column":0}},"67":{"start":{"line":68,"column":0},"end":{"line":68,"column":28}}},"s":{"0":1,"1":1,"2":1,"3":1,"4":1,"5":1,"6":1,"7":1,"8":1,"9":1,"10":1,"11":3,"12":3,"13":3,"14":3,"15":13,"16":13,"17":13,"18":13,"19":2,"20":2,"21":1,"22":1,"23":1,"24":1,"25":2,"26":8,"27":8,"28":8,"29":1,"30":0,"31":0,"32":1,"33":1,"34":2,"35":2,"36":2,"37":2,"38":1,"39":1,"40":1,"41":1,"42":1,"43":1,"44":1,"45":1,"46":1,"47":1,"48":1,"49":1,"50":1,"51":1,"52":1,"53":1,"54":1,"55":1,"56":1,"57":1,"58":1,"59":1,"60":1,"61":1,"62":1,"63":1,"64":1,"65":2,"66":1,"67":1},"branchMap":{"0":{"type":"branch","line":11,"loc":{"start":{"line":11,"column":20},"end":{"line":21,"column":1}},"locations":[{"start":{"line":11,"column":20},"end":{"line":21,"column":1}}]},"1":{"type":"branch","line":15,"loc":{"start":{"line":15,"column":33},"end":{"line":19,"column":3}},"locations":[{"start":{"line":15,"column":33},"end":{"line":19,"column":3}}]},"2":{"type":"branch","line":18,"loc":{"start":{"line":18,"column":6},"end":{"line":18,"column":17}},"locations":[{"start":{"line":18,"column":6},"end":{"line":18,"column":17}}]},"3":{"type":"branch","line":19,"loc":{"start":{"line":19,"column":2},"end":{"line":21,"column":1}},"locations":[{"start":{"line":19,"column":2},"end":{"line":21,"column":1}}]},"4":{"type":"branch","line":23,"loc":{"start":{"line":23,"column":23},"end":{"line":32,"column":1}},"locations":[{"start":{"line":23,"column":23},"end":{"line":32,"column":1}}]},"5":{"type":"branch","line":25,"loc":{"start":{"line":25,"column":32},"end":{"line":30,"column":3}},"locations":[{"start":{"line":25,"column":32},"end":{"line":30,"column":3}}]},"6":{"type":"branch","line":26,"loc":{"start":{"line":26,"column":35},"end":{"line":29,"column":5}},"locations":[{"start":{"line":26,"column":35},"end":{"line":29,"column":5}}]},"7":{"type":"branch","line":28,"loc":{"start":{"line":28,"column":8},"end":{"line":28,"column":21}},"locations":[{"start":{"line":28,"column":8},"end":{"line":28,"column":21}}]},"8":{"type":"branch","line":29,"loc":{"start":{"line":29,"column":4},"end":{"line":30,"column":3}},"locations":[{"start":{"line":29,"column":4},"end":{"line":30,"column":3}}]},"9":{"type":"branch","line":30,"loc":{"start":{"line":30,"column":2},"end":{"line":32,"column":1}},"locations":[{"start":{"line":30,"column":2},"end":{"line":32,"column":1}}]},"10":{"type":"branch","line":34,"loc":{"start":{"line":34,"column":13},"end":{"line":66,"column":1}},"locations":[{"start":{"line":34,"column":13},"end":{"line":66,"column":1}}]},"11":{"type":"branch","line":38,"loc":{"start":{"line":38,"column":6},"end":{"line":38,"column":22}},"locations":[{"start":{"line":38,"column":6},"end":{"line":38,"column":22}}]},"12":{"type":"branch","line":38,"loc":{"start":{"line":38,"column":22},"end":{"line":65,"column":3}},"locations":[{"start":{"line":38,"column":22},"end":{"line":65,"column":3}}]},"13":{"type":"branch","line":52,"loc":{"start":{"line":52,"column":6},"end":{"line":52,"column":30}},"locations":[{"start":{"line":52,"column":6},"end":{"line":52,"column":30}}]},"14":{"type":"branch","line":62,"loc":{"start":{"line":62,"column":6},"end":{"line":62,"column":30}},"locations":[{"start":{"line":62,"column":6},"end":{"line":62,"column":30}}]},"15":{"type":"branch","line":48,"loc":{"start":{"line":48,"column":43},"end":{"line":48,"column":66}},"locations":[{"start":{"line":48,"column":43},"end":{"line":48,"column":66}}]},"16":{"type":"branch","line":68,"loc":{"start":{"line":68,"column":22},"end":{"line":68,"column":28}},"locations":[{"start":{"line":68,"column":22},"end":{"line":68,"column":28}}]}},"b":{"0":[3],"1":[13],"2":[1],"3":[2],"4":[1],"5":[2],"6":[8],"7":[1],"8":[1],"9":[0],"10":[2],"11":[1],"12":[1],"13":[0],"14":[0],"15":[3],"16":[2]},"fnMap":{"0":{"name":"eslintExist","decl":{"start":{"line":11,"column":20},"end":{"line":21,"column":1}},"loc":{"start":{"line":11,"column":20},"end":{"line":21,"column":1}},"line":11},"1":{"name":"getBaseLocales","decl":{"start":{"line":23,"column":23},"end":{"line":32,"column":1}},"loc":{"start":{"line":23,"column":23},"end":{"line":32,"column":1}},"line":23},"2":{"name":"init","decl":{"start":{"line":34,"column":13},"end":{"line":66,"column":1}},"loc":{"start":{"line":34,"column":13},"end":{"line":66,"column":1}},"line":34},"3":{"name":"get","decl":{"start":{"line":68,"column":22},"end":{"line":68,"column":28}},"loc":{"start":{"line":68,"column":22},"end":{"line":68,"column":28}},"line":68}},"f":{"0":3,"1":1,"2":2,"3":2}}
,"/Users/code/work/yoStar/yo-auto-i18n/packages/core/src/command/update.ts": {"path":"/Users/code/work/yoStar/yo-auto-i18n/packages/core/src/command/update.ts","all":false,"statementMap":{"0":{"start":{"line":1,"column":0},"end":{"line":1,"column":23}},"1":{"start":{"line":2,"column":0},"end":{"line":2,"column":30}},"2":{"start":{"line":3,"column":0},"end":{"line":3,"column":8}},"3":{"start":{"line":4,"column":0},"end":{"line":4,"column":40}},"4":{"start":{"line":5,"column":0},"end":{"line":5,"column":16}},"5":{"start":{"line":6,"column":0},"end":{"line":6,"column":18}},"6":{"start":{"line":7,"column":0},"end":{"line":7,"column":22}},"7":{"start":{"line":8,"column":0},"end":{"line":8,"column":89}},"8":{"start":{"line":9,"column":0},"end":{"line":9,"column":30}},"9":{"start":{"line":10,"column":0},"end":{"line":10,"column":0}},"10":{"start":{"line":11,"column":0},"end":{"line":11,"column":45}},"11":{"start":{"line":12,"column":0},"end":{"line":12,"column":56}},"12":{"start":{"line":13,"column":0},"end":{"line":13,"column":0}},"13":{"start":{"line":14,"column":0},"end":{"line":14,"column":32}},"14":{"start":{"line":15,"column":0},"end":{"line":15,"column":0}},"15":{"start":{"line":16,"column":0},"end":{"line":16,"column":54}},"16":{"start":{"line":17,"column":0},"end":{"line":17,"column":40}},"17":{"start":{"line":18,"column":0},"end":{"line":18,"column":21}},"18":{"start":{"line":19,"column":0},"end":{"line":19,"column":0}},"19":{"start":{"line":20,"column":0},"end":{"line":20,"column":19}},"20":{"start":{"line":21,"column":0},"end":{"line":21,"column":24}},"21":{"start":{"line":22,"column":0},"end":{"line":22,"column":50}},"22":{"start":{"line":23,"column":0},"end":{"line":23,"column":0}},"23":{"start":{"line":24,"column":0},"end":{"line":24,"column":32}},"24":{"start":{"line":25,"column":0},"end":{"line":25,"column":44}},"25":{"start":{"line":26,"column":0},"end":{"line":26,"column":42}},"26":{"start":{"line":27,"column":0},"end":{"line":27,"column":5}},"27":{"start":{"line":28,"column":0},"end":{"line":28,"column":3}},"28":{"start":{"line":29,"column":0},"end":{"line":29,"column":8}},"29":{"start":{"line":30,"column":0},"end":{"line":30,"column":53}},"30":{"start":{"line":31,"column":0},"end":{"line":31,"column":3}},"31":{"start":{"line":32,"column":0},"end":{"line":32,"column":94}},"32":{"start":{"line":33,"column":0},"end":{"line":33,"column":1}},"33":{"start":{"line":34,"column":0},"end":{"line":34,"column":0}},"34":{"start":{"line":35,"column":0},"end":{"line":35,"column":35}},"35":{"start":{"line":36,"column":0},"end":{"line":36,"column":36}},"36":{"start":{"line":37,"column":0},"end":{"line":37,"column":56}},"37":{"start":{"line":38,"column":0},"end":{"line":38,"column":57}},"38":{"start":{"line":39,"column":0},"end":{"line":39,"column":0}},"39":{"start":{"line":40,"column":0},"end":{"line":40,"column":26}},"40":{"start":{"line":41,"column":0},"end":{"line":41,"column":0}},"41":{"start":{"line":42,"column":0},"end":{"line":42,"column":42}},"42":{"start":{"line":43,"column":0},"end":{"line":43,"column":51}},"43":{"start":{"line":44,"column":0},"end":{"line":44,"column":60}},"44":{"start":{"line":45,"column":0},"end":{"line":45,"column":56}},"45":{"start":{"line":46,"column":0},"end":{"line":46,"column":21}},"46":{"start":{"line":47,"column":0},"end":{"line":47,"column":37}},"47":{"start":{"line":48,"column":0},"end":{"line":48,"column":57}},"48":{"start":{"line":49,"column":0},"end":{"line":49,"column":53}},"49":{"start":{"line":50,"column":0},"end":{"line":50,"column":0}},"50":{"start":{"line":51,"column":0},"end":{"line":51,"column":33}},"51":{"start":{"line":52,"column":0},"end":{"line":52,"column":29}},"52":{"start":{"line":53,"column":0},"end":{"line":53,"column":27}},"53":{"start":{"line":54,"column":0},"end":{"line":54,"column":51}},"54":{"start":{"line":55,"column":0},"end":{"line":55,"column":28}},"55":{"start":{"line":56,"column":0},"end":{"line":56,"column":41}},"56":{"start":{"line":57,"column":0},"end":{"line":57,"column":57}},"57":{"start":{"line":58,"column":0},"end":{"line":58,"column":22}},"58":{"start":{"line":59,"column":0},"end":{"line":59,"column":30}},"59":{"start":{"line":60,"column":0},"end":{"line":60,"column":26}},"60":{"start":{"line":61,"column":0},"end":{"line":61,"column":11}},"61":{"start":{"line":62,"column":0},"end":{"line":62,"column":9}},"62":{"start":{"line":63,"column":0},"end":{"line":63,"column":14}},"63":{"start":{"line":64,"column":0},"end":{"line":64,"column":63}},"64":{"start":{"line":65,"column":0},"end":{"line":65,"column":9}},"65":{"start":{"line":66,"column":0},"end":{"line":66,"column":45}},"66":{"start":{"line":67,"column":0},"end":{"line":67,"column":7}},"67":{"start":{"line":68,"column":0},"end":{"line":68,"column":47}},"68":{"start":{"line":69,"column":0},"end":{"line":69,"column":43}},"69":{"start":{"line":70,"column":0},"end":{"line":70,"column":7}},"70":{"start":{"line":71,"column":0},"end":{"line":71,"column":30}},"71":{"start":{"line":72,"column":0},"end":{"line":72,"column":5}},"72":{"start":{"line":73,"column":0},"end":{"line":73,"column":34}},"73":{"start":{"line":74,"column":0},"end":{"line":74,"column":39}},"74":{"start":{"line":75,"column":0},"end":{"line":75,"column":17}},"75":{"start":{"line":76,"column":0},"end":{"line":76,"column":68}},"76":{"start":{"line":77,"column":0},"end":{"line":77,"column":70}},"77":{"start":{"line":78,"column":0},"end":{"line":78,"column":9}},"78":{"start":{"line":79,"column":0},"end":{"line":79,"column":7}},"79":{"start":{"line":80,"column":0},"end":{"line":80,"column":5}},"80":{"start":{"line":81,"column":0},"end":{"line":81,"column":0}},"81":{"start":{"line":82,"column":0},"end":{"line":82,"column":79}},"82":{"start":{"line":83,"column":0},"end":{"line":83,"column":3}},"83":{"start":{"line":84,"column":0},"end":{"line":84,"column":0}},"84":{"start":{"line":85,"column":0},"end":{"line":85,"column":42}},"85":{"start":{"line":86,"column":0},"end":{"line":86,"column":1}},"86":{"start":{"line":87,"column":0},"end":{"line":87,"column":0}},"87":{"start":{"line":88,"column":0},"end":{"line":88,"column":59}},"88":{"start":{"line":89,"column":0},"end":{"line":89,"column":50}},"89":{"start":{"line":90,"column":0},"end":{"line":90,"column":0}},"90":{"start":{"line":91,"column":0},"end":{"line":91,"column":56}},"91":{"start":{"line":92,"column":0},"end":{"line":92,"column":12}},"92":{"start":{"line":93,"column":0},"end":{"line":93,"column":59}},"93":{"start":{"line":94,"column":0},"end":{"line":94,"column":0}},"94":{"start":{"line":95,"column":0},"end":{"line":95,"column":44}},"95":{"start":{"line":96,"column":0},"end":{"line":96,"column":53}},"96":{"start":{"line":97,"column":0},"end":{"line":97,"column":62}},"97":{"start":{"line":98,"column":0},"end":{"line":98,"column":51}},"98":{"start":{"line":99,"column":0},"end":{"line":99,"column":0}},"99":{"start":{"line":100,"column":0},"end":{"line":100,"column":35}},"100":{"start":{"line":101,"column":0},"end":{"line":101,"column":60}},"101":{"start":{"line":102,"column":0},"end":{"line":102,"column":56}},"102":{"start":{"line":103,"column":0},"end":{"line":103,"column":0}},"103":{"start":{"line":104,"column":0},"end":{"line":104,"column":50}},"104":{"start":{"line":105,"column":0},"end":{"line":105,"column":46}},"105":{"start":{"line":106,"column":0},"end":{"line":106,"column":54}},"106":{"start":{"line":107,"column":0},"end":{"line":107,"column":37}},"107":{"start":{"line":108,"column":0},"end":{"line":108,"column":30}},"108":{"start":{"line":109,"column":0},"end":{"line":109,"column":29}},"109":{"start":{"line":110,"column":0},"end":{"line":110,"column":34}},"110":{"start":{"line":111,"column":0},"end":{"line":111,"column":46}},"111":{"start":{"line":112,"column":0},"end":{"line":112,"column":17}},"112":{"start":{"line":113,"column":0},"end":{"line":113,"column":15}},"113":{"start":{"line":114,"column":0},"end":{"line":114,"column":13}},"114":{"start":{"line":115,"column":0},"end":{"line":115,"column":11}},"115":{"start":{"line":116,"column":0},"end":{"line":116,"column":9}},"116":{"start":{"line":117,"column":0},"end":{"line":117,"column":7}},"117":{"start":{"line":118,"column":0},"end":{"line":118,"column":85}},"118":{"start":{"line":119,"column":0},"end":{"line":119,"column":67}},"119":{"start":{"line":120,"column":0},"end":{"line":120,"column":5}},"120":{"start":{"line":121,"column":0},"end":{"line":121,"column":3}},"121":{"start":{"line":122,"column":0},"end":{"line":122,"column":1}},"122":{"start":{"line":123,"column":0},"end":{"line":123,"column":0}},"123":{"start":{"line":124,"column":0},"end":{"line":124,"column":65}}},"s":{"0":1,"1":1,"2":1,"3":1,"4":1,"5":1,"6":1,"7":1,"8":1,"9":1,"10":1,"11":1,"12":1,"13":1,"14":1,"15":1,"16":1,"17":1,"18":1,"19":1,"20":0,"21":0,"22":0,"23":0,"24":0,"25":0,"26":0,"27":0,"28":1,"29":1,"30":1,"31":1,"32":1,"33":1,"34":1,"35":1,"36":1,"37":1,"38":1,"39":1,"40":1,"41":1,"42":1,"43":1,"44":1,"45":1,"46":1,"47":2,"48":2,"49":2,"50":2,"51":1,"52":1,"53":2,"54":1,"55":1,"56":0,"57":0,"58":0,"59":0,"60":0,"61":0,"62":1,"63":1,"64":1,"65":1,"66":1,"67":1,"68":1,"69":1,"70":2,"71":2,"72":1,"73":0,"74":0,"75":0,"76":0,"77":0,"78":0,"79":0,"80":1,"81":1,"82":1,"83":1,"84":1,"85":1,"86":1,"87":1,"88":0,"89":0,"90":0,"91":0,"92":0,"93":0,"94":0,"95":0,"96":0,"97":0,"98":0,"99":0,"100":0,"101":0,"102":0,"103":0,"104":0,"105":0,"106":0,"107":0,"108":0,"109":0,"110":0,"111":0,"112":0,"113":0,"114":0,"115":0,"116":0,"117":0,"118":0,"119":0,"120":0,"121":0,"122":1,"123":1},"branchMap":{"0":{"type":"branch","line":16,"loc":{"start":{"line":16,"column":25},"end":{"line":33,"column":1}},"locations":[{"start":{"line":16,"column":25},"end":{"line":33,"column":1}}]},"1":{"type":"branch","line":20,"loc":{"start":{"line":20,"column":18},"end":{"line":28,"column":3}},"locations":[{"start":{"line":20,"column":18},"end":{"line":28,"column":3}}]},"2":{"type":"branch","line":35,"loc":{"start":{"line":35,"column":22},"end":{"line":86,"column":1}},"locations":[{"start":{"line":35,"column":22},"end":{"line":86,"column":1}}]},"3":{"type":"branch","line":47,"loc":{"start":{"line":47,"column":36},"end":{"line":72,"column":5}},"locations":[{"start":{"line":47,"column":36},"end":{"line":72,"column":5}}]},"4":{"type":"branch","line":51,"loc":{"start":{"line":51,"column":24},"end":{"line":52,"column":29}},"locations":[{"start":{"line":51,"column":24},"end":{"line":52,"column":29}}]},"5":{"type":"branch","line":52,"loc":{"start":{"line":52,"column":25},"end":{"line":53,"column":27}},"locations":[{"start":{"line":52,"column":25},"end":{"line":53,"column":27}}]},"6":{"type":"branch","line":53,"loc":{"start":{"line":53,"column":25},"end":{"line":54,"column":50}},"locations":[{"start":{"line":53,"column":25},"end":{"line":54,"column":50}}]},"7":{"type":"branch","line":54,"loc":{"start":{"line":54,"column":50},"end":{"line":70,"column":7}},"locations":[{"start":{"line":54,"column":50},"end":{"line":70,"column":7}}]},"8":{"type":"branch","line":56,"loc":{"start":{"line":56,"column":40},"end":{"line":62,"column":9}},"locations":[{"start":{"line":56,"column":40},"end":{"line":62,"column":9}}]},"9":{"type":"branch","line":73,"loc":{"start":{"line":73,"column":33},"end":{"line":80,"column":5}},"locations":[{"start":{"line":73,"column":33},"end":{"line":80,"column":5}}]}},"b":{"0":[1],"1":[0],"2":[1],"3":[2],"4":[1],"5":[1],"6":[1],"7":[1],"8":[0],"9":[0]},"fnMap":{"0":{"name":"updateBaseLocale","decl":{"start":{"line":16,"column":25},"end":{"line":33,"column":1}},"loc":{"start":{"line":16,"column":25},"end":{"line":33,"column":1}},"line":16},"1":{"name":"updateLocales","decl":{"start":{"line":35,"column":22},"end":{"line":86,"column":1}},"loc":{"start":{"line":35,"column":22},"end":{"line":86,"column":1}},"line":35},"2":{"name":"updateLocalesFromXlsx","decl":{"start":{"line":88,"column":30},"end":{"line":122,"column":1}},"loc":{"start":{"line":88,"column":30},"end":{"line":122,"column":1}},"line":88},"3":{"name":"get","decl":{"start":{"line":124,"column":47},"end":{"line":124,"column":65}},"loc":{"start":{"line":124,"column":47},"end":{"line":124,"column":65}},"line":124}},"f":{"0":1,"1":1,"2":0,"3":0}}
,"/Users/code/work/yoStar/yo-auto-i18n/packages/core/src/config/config.ts": {"path":"/Users/code/work/yoStar/yo-auto-i18n/packages/core/src/config/config.ts","all":false,"statementMap":{"0":{"start":{"line":1,"column":0},"end":{"line":1,"column":23}},"1":{"start":{"line":2,"column":0},"end":{"line":2,"column":45}},"2":{"start":{"line":3,"column":0},"end":{"line":3,"column":63}},"3":{"start":{"line":4,"column":0},"end":{"line":4,"column":59}},"4":{"start":{"line":5,"column":0},"end":{"line":5,"column":30}},"5":{"start":{"line":6,"column":0},"end":{"line":6,"column":38}},"6":{"start":{"line":7,"column":0},"end":{"line":7,"column":45}},"7":{"start":{"line":8,"column":0},"end":{"line":8,"column":51}},"8":{"start":{"line":9,"column":0},"end":{"line":9,"column":0}},"9":{"start":{"line":10,"column":0},"end":{"line":10,"column":73}},"10":{"start":{"line":11,"column":0},"end":{"line":11,"column":51}},"11":{"start":{"line":12,"column":0},"end":{"line":12,"column":94}},"12":{"start":{"line":13,"column":0},"end":{"line":13,"column":0}},"13":{"start":{"line":14,"column":0},"end":{"line":14,"column":22}},"14":{"start":{"line":15,"column":0},"end":{"line":15,"column":92}},"15":{"start":{"line":16,"column":0},"end":{"line":16,"column":0}},"16":{"start":{"line":17,"column":0},"end":{"line":17,"column":23}},"17":{"start":{"line":18,"column":0},"end":{"line":18,"column":1}},"18":{"start":{"line":19,"column":0},"end":{"line":19,"column":0}},"19":{"start":{"line":20,"column":0},"end":{"line":20,"column":29}},"20":{"start":{"line":21,"column":0},"end":{"line":21,"column":92}},"21":{"start":{"line":22,"column":0},"end":{"line":22,"column":19}},"22":{"start":{"line":23,"column":0},"end":{"line":23,"column":1}},"23":{"start":{"line":24,"column":0},"end":{"line":24,"column":0}},"24":{"start":{"line":25,"column":0},"end":{"line":25,"column":25}},"25":{"start":{"line":26,"column":0},"end":{"line":26,"column":24}},"26":{"start":{"line":27,"column":0},"end":{"line":27,"column":28}},"27":{"start":{"line":28,"column":0},"end":{"line":28,"column":6}},"28":{"start":{"line":29,"column":0},"end":{"line":29,"column":36}},"29":{"start":{"line":30,"column":0},"end":{"line":30,"column":0}},"30":{"start":{"line":31,"column":0},"end":{"line":31,"column":37}},"31":{"start":{"line":32,"column":0},"end":{"line":32,"column":0}},"32":{"start":{"line":33,"column":0},"end":{"line":33,"column":60}},"33":{"start":{"line":34,"column":0},"end":{"line":34,"column":0}},"34":{"start":{"line":35,"column":0},"end":{"line":35,"column":39}},"35":{"start":{"line":36,"column":0},"end":{"line":36,"column":24}},"36":{"start":{"line":37,"column":0},"end":{"line":37,"column":31}},"37":{"start":{"line":38,"column":0},"end":{"line":38,"column":40}},"38":{"start":{"line":39,"column":0},"end":{"line":39,"column":23}},"39":{"start":{"line":40,"column":0},"end":{"line":40,"column":28}},"40":{"start":{"line":41,"column":0},"end":{"line":41,"column":11}},"41":{"start":{"line":42,"column":0},"end":{"line":42,"column":20}},"42":{"start":{"line":43,"column":0},"end":{"line":43,"column":23}},"43":{"start":{"line":44,"column":0},"end":{"line":44,"column":12}},"44":{"start":{"line":45,"column":0},"end":{"line":45,"column":9}},"45":{"start":{"line":46,"column":0},"end":{"line":46,"column":13}},"46":{"start":{"line":47,"column":0},"end":{"line":47,"column":7}},"47":{"start":{"line":48,"column":0},"end":{"line":48,"column":5}},"48":{"start":{"line":49,"column":0},"end":{"line":49,"column":18}},"49":{"start":{"line":50,"column":0},"end":{"line":50,"column":103}},"50":{"start":{"line":51,"column":0},"end":{"line":51,"column":24}},"51":{"start":{"line":52,"column":0},"end":{"line":52,"column":3}},"52":{"start":{"line":53,"column":0},"end":{"line":53,"column":72}},"53":{"start":{"line":54,"column":0},"end":{"line":54,"column":62}},"54":{"start":{"line":55,"column":0},"end":{"line":55,"column":89}},"55":{"start":{"line":56,"column":0},"end":{"line":56,"column":81}},"56":{"start":{"line":57,"column":0},"end":{"line":57,"column":3}},"57":{"start":{"line":58,"column":0},"end":{"line":58,"column":8}},"58":{"start":{"line":59,"column":0},"end":{"line":59,"column":31}},"59":{"start":{"line":60,"column":0},"end":{"line":60,"column":60}},"60":{"start":{"line":61,"column":0},"end":{"line":61,"column":32}},"61":{"start":{"line":62,"column":0},"end":{"line":62,"column":13}},"62":{"start":{"line":63,"column":0},"end":{"line":63,"column":7}},"63":{"start":{"line":64,"column":0},"end":{"line":64,"column":5}},"64":{"start":{"line":65,"column":0},"end":{"line":65,"column":27}},"65":{"start":{"line":66,"column":0},"end":{"line":66,"column":97}},"66":{"start":{"line":67,"column":0},"end":{"line":67,"column":24}},"67":{"start":{"line":68,"column":0},"end":{"line":68,"column":3}},"68":{"start":{"line":69,"column":0},"end":{"line":69,"column":0}},"69":{"start":{"line":70,"column":0},"end":{"line":70,"column":10}},"70":{"start":{"line":71,"column":0},"end":{"line":71,"column":17}},"71":{"start":{"line":72,"column":0},"end":{"line":72,"column":19}},"72":{"start":{"line":73,"column":0},"end":{"line":73,"column":3}},"73":{"start":{"line":74,"column":0},"end":{"line":74,"column":1}},"74":{"start":{"line":75,"column":0},"end":{"line":75,"column":73}},"75":{"start":{"line":76,"column":0},"end":{"line":76,"column":30}},"76":{"start":{"line":77,"column":0},"end":{"line":77,"column":16}},"77":{"start":{"line":78,"column":0},"end":{"line":78,"column":36}},"78":{"start":{"line":79,"column":0},"end":{"line":79,"column":0}},"79":{"start":{"line":80,"column":0},"end":{"line":80,"column":60}},"80":{"start":{"line":81,"column":0},"end":{"line":81,"column":1}},"81":{"start":{"line":82,"column":0},"end":{"line":82,"column":0}},"82":{"start":{"line":83,"column":0},"end":{"line":83,"column":56}},"83":{"start":{"line":84,"column":0},"end":{"line":84,"column":36}},"84":{"start":{"line":85,"column":0},"end":{"line":85,"column":47}},"85":{"start":{"line":86,"column":0},"end":{"line":86,"column":1}},"86":{"start":{"line":87,"column":0},"end":{"line":87,"column":0}},"87":{"start":{"line":88,"column":0},"end":{"line":88,"column":48}},"88":{"start":{"line":89,"column":0},"end":{"line":89,"column":36}},"89":{"start":{"line":90,"column":0},"end":{"line":90,"column":69}},"90":{"start":{"line":91,"column":0},"end":{"line":91,"column":1}},"91":{"start":{"line":92,"column":0},"end":{"line":92,"column":0}},"92":{"start":{"line":93,"column":0},"end":{"line":93,"column":83}}},"s":{"0":1,"1":1,"2":1,"3":1,"4":1,"5":1,"6":1,"7":1,"8":1,"9":1,"10":8,"11":8,"12":8,"13":8,"14":8,"15":8,"16":8,"17":8,"18":1,"19":1,"20":8,"21":8,"22":8,"23":1,"24":1,"25":2,"26":2,"27":2,"28":2,"29":2,"30":2,"31":2,"32":2,"33":2,"34":2,"35":4,"36":4,"37":6,"38":4,"39":4,"40":4,"41":4,"42":4,"43":4,"44":4,"45":4,"46":4,"47":6,"48":4,"49":4,"50":4,"51":4,"52":2,"53":2,"54":2,"55":2,"56":2,"57":0,"58":0,"59":0,"60":0,"61":0,"62":0,"63":0,"64":0,"65":0,"66":0,"67":0,"68":2,"69":2,"70":2,"71":2,"72":2,"73":2,"74":1,"75":1,"76":1,"77":1,"78":1,"79":1,"80":1,"81":1,"82":1,"83":1,"84":1,"85":1,"86":1,"87":1,"88":0,"89":0,"90":0,"91":1,"92":1},"branchMap":{"0":{"type":"branch","line":10,"loc":{"start":{"line":10,"column":28},"end":{"line":18,"column":1}},"locations":[{"start":{"line":10,"column":28},"end":{"line":18,"column":1}}]},"1":{"type":"branch","line":12,"loc":{"start":{"line":12,"column":36},"end":{"line":12,"column":77}},"locations":[{"start":{"line":12,"column":36},"end":{"line":12,"column":77}}]},"2":{"type":"branch","line":14,"loc":{"start":{"line":14,"column":7},"end":{"line":14,"column":22}},"locations":[{"start":{"line":14,"column":7},"end":{"line":14,"column":22}}]},"3":{"type":"branch","line":15,"loc":{"start":{"line":15,"column":4},"end":{"line":15,"column":92}},"locations":[{"start":{"line":15,"column":4},"end":{"line":15,"column":92}}]},"4":{"type":"branch","line":17,"loc":{"start":{"line":17,"column":9},"end":{"line":17,"column":23}},"locations":[{"start":{"line":17,"column":9},"end":{"line":17,"column":23}}]},"5":{"type":"branch","line":20,"loc":{"start":{"line":20,"column":22},"end":{"line":23,"column":1}},"locations":[{"start":{"line":20,"column":22},"end":{"line":23,"column":1}}]},"6":{"type":"branch","line":25,"loc":{"start":{"line":25,"column":20},"end":{"line":74,"column":1}},"locations":[{"start":{"line":25,"column":20},"end":{"line":74,"column":1}}]},"7":{"type":"branch","line":35,"loc":{"start":{"line":35,"column":38},"end":{"line":52,"column":3}},"locations":[{"start":{"line":35,"column":38},"end":{"line":52,"column":3}}]},"8":{"type":"branch","line":37,"loc":{"start":{"line":37,"column":30},"end":{"line":48,"column":5}},"locations":[{"start":{"line":37,"column":30},"end":{"line":48,"column":5}}]},"9":{"type":"branch","line":38,"loc":{"start":{"line":38,"column":39},"end":{"line":47,"column":7}},"locations":[{"start":{"line":38,"column":39},"end":{"line":47,"column":7}}]},"10":{"type":"branch","line":50,"loc":{"start":{"line":50,"column":6},"end":{"line":50,"column":103}},"locations":[{"start":{"line":50,"column":6},"end":{"line":50,"column":103}}]},"11":{"type":"branch","line":57,"loc":{"start":{"line":57,"column":2},"end":{"line":68,"column":3}},"locations":[{"start":{"line":57,"column":2},"end":{"line":68,"column":3}}]},"12":{"type":"branch","line":55,"loc":{"start":{"line":55,"column":39},"end":{"line":55,"column":76}},"locations":[{"start":{"line":55,"column":39},"end":{"line":55,"column":76}}]},"13":{"type":"branch","line":56,"loc":{"start":{"line":56,"column":43},"end":{"line":56,"column":80}},"locations":[{"start":{"line":56,"column":43},"end":{"line":56,"column":80}}]},"14":{"type":"branch","line":75,"loc":{"start":{"line":75,"column":20},"end":{"line":81,"column":1}},"locations":[{"start":{"line":75,"column":20},"end":{"line":81,"column":1}}]},"15":{"type":"branch","line":77,"loc":{"start":{"line":77,"column":4},"end":{"line":77,"column":16}},"locations":[{"start":{"line":77,"column":4},"end":{"line":77,"column":16}}]},"16":{"type":"branch","line":83,"loc":{"start":{"line":83,"column":22},"end":{"line":86,"column":1}},"locations":[{"start":{"line":83,"column":22},"end":{"line":86,"column":1}}]}},"b":{"0":[8],"1":[0],"2":[7],"3":[1],"4":[7],"5":[8],"6":[2],"7":[4],"8":[6],"9":[4],"10":[0],"11":[0],"12":[2],"13":[4],"14":[1],"15":[0],"16":[1]},"fnMap":{"0":{"name":"readLocalAutoConfig","decl":{"start":{"line":10,"column":28},"end":{"line":18,"column":1}},"loc":{"start":{"line":10,"column":28},"end":{"line":18,"column":1}},"line":10},"1":{"name":"getAutoConfig","decl":{"start":{"line":20,"column":22},"end":{"line":23,"column":1}},"loc":{"start":{"line":20,"column":22},"end":{"line":23,"column":1}},"line":20},"2":{"name":"getJsonPath","decl":{"start":{"line":25,"column":20},"end":{"line":74,"column":1}},"loc":{"start":{"line":25,"column":20},"end":{"line":74,"column":1}},"line":25},"3":{"name":"isUnTransed","decl":{"start":{"line":75,"column":20},"end":{"line":81,"column":1}},"loc":{"start":{"line":75,"column":20},"end":{"line":81,"column":1}},"line":75},"4":{"name":"unTransLocale","decl":{"start":{"line":83,"column":22},"end":{"line":86,"column":1}},"loc":{"start":{"line":83,"column":22},"end":{"line":86,"column":1}},"line":83},"5":{"name":"getOutputFileDir","decl":{"start":{"line":88,"column":25},"end":{"line":91,"column":1}},"loc":{"start":{"line":88,"column":25},"end":{"line":91,"column":1}},"line":88},"6":{"name":"get","decl":{"start":{"line":93,"column":65},"end":{"line":93,"column":83}},"loc":{"start":{"line":93,"column":65},"end":{"line":93,"column":83}},"line":93}},"f":{"0":8,"1":8,"2":2,"3":1,"4":1,"5":0,"6":0}}
,"/Users/code/work/yoStar/yo-auto-i18n/packages/core/src/config/constants.ts": {"path":"/Users/code/work/yoStar/yo-auto-i18n/packages/core/src/config/constants.ts","all":false,"statementMap":{"0":{"start":{"line":1,"column":0},"end":{"line":1,"column":40}},"1":{"start":{"line":2,"column":0},"end":{"line":2,"column":0}},"2":{"start":{"line":3,"column":0},"end":{"line":3,"column":37}},"3":{"start":{"line":4,"column":0},"end":{"line":4,"column":0}},"4":{"start":{"line":5,"column":0},"end":{"line":5,"column":39}},"5":{"start":{"line":6,"column":0},"end":{"line":6,"column":0}},"6":{"start":{"line":7,"column":0},"end":{"line":7,"column":51}},"7":{"start":{"line":8,"column":0},"end":{"line":8,"column":0}},"8":{"start":{"line":9,"column":0},"end":{"line":9,"column":63}},"9":{"start":{"line":10,"column":0},"end":{"line":10,"column":0}},"10":{"start":{"line":11,"column":0},"end":{"line":11,"column":35}}},"s":{"0":1,"1":1,"2":1,"3":1,"4":1,"5":1,"6":1,"7":1,"8":1,"9":1,"10":1},"branchMap":{"0":{"type":"branch","line":1,"loc":{"start":{"line":1,"column":26},"end":{"line":1,"column":40}},"locations":[{"start":{"line":1,"column":26},"end":{"line":1,"column":40}}]},"1":{"type":"branch","line":3,"loc":{"start":{"line":3,"column":31},"end":{"line":3,"column":37}},"locations":[{"start":{"line":3,"column":31},"end":{"line":3,"column":37}}]},"2":{"type":"branch","line":9,"loc":{"start":{"line":9,"column":35},"end":{"line":9,"column":63}},"locations":[{"start":{"line":9,"column":35},"end":{"line":9,"column":63}}]}},"b":{"0":[16],"1":[12],"2":[4]},"fnMap":{"0":{"name":"get","decl":{"start":{"line":1,"column":26},"end":{"line":1,"column":40}},"loc":{"start":{"line":1,"column":26},"end":{"line":1,"column":40}},"line":1},"1":{"name":"get","decl":{"start":{"line":3,"column":31},"end":{"line":3,"column":37}},"loc":{"start":{"line":3,"column":31},"end":{"line":3,"column":37}},"line":3},"2":{"name":"get","decl":{"start":{"line":5,"column":34},"end":{"line":5,"column":39}},"loc":{"start":{"line":5,"column":34},"end":{"line":5,"column":39}},"line":5},"3":{"name":"get","decl":{"start":{"line":7,"column":32},"end":{"line":7,"column":51}},"loc":{"start":{"line":7,"column":32},"end":{"line":7,"column":51}},"line":7},"4":{"name":"get","decl":{"start":{"line":9,"column":35},"end":{"line":9,"column":63}},"loc":{"start":{"line":9,"column":35},"end":{"line":9,"column":63}},"line":9},"5":{"name":"get","decl":{"start":{"line":11,"column":32},"end":{"line":11,"column":35}},"loc":{"start":{"line":11,"column":32},"end":{"line":11,"column":35}},"line":11}},"f":{"0":16,"1":12,"2":0,"3":0,"4":4,"5":0}}
,"/Users/code/work/yoStar/yo-auto-i18n/packages/core/src/config/defaultAutoConfig.ts": {"path":"/Users/code/work/yoStar/yo-auto-i18n/packages/core/src/config/defaultAutoConfig.ts","all":false,"statementMap":{"0":{"start":{"line":1,"column":0},"end":{"line":1,"column":56}},"1":{"start":{"line":2,"column":0},"end":{"line":2,"column":0}},"2":{"start":{"line":3,"column":0},"end":{"line":3,"column":51}},"3":{"start":{"line":4,"column":0},"end":{"line":4,"column":10}},"4":{"start":{"line":5,"column":0},"end":{"line":5,"column":20}},"5":{"start":{"line":6,"column":0},"end":{"line":6,"column":25}},"6":{"start":{"line":7,"column":0},"end":{"line":7,"column":52}},"7":{"start":{"line":8,"column":0},"end":{"line":8,"column":61}},"8":{"start":{"line":9,"column":0},"end":{"line":9,"column":3}},"9":{"start":{"line":10,"column":0},"end":{"line":10,"column":1}},"10":{"start":{"line":11,"column":0},"end":{"line":11,"column":0}},"11":{"start":{"line":12,"column":0},"end":{"line":12,"column":39}},"12":{"start":{"line":13,"column":0},"end":{"line":13,"column":54}},"13":{"start":{"line":14,"column":0},"end":{"line":14,"column":14}},"14":{"start":{"line":15,"column":0},"end":{"line":15,"column":17}},"15":{"start":{"line":16,"column":0},"end":{"line":16,"column":38}},"16":{"start":{"line":17,"column":0},"end":{"line":17,"column":38}},"17":{"start":{"line":18,"column":0},"end":{"line":18,"column":4}},"18":{"start":{"line":19,"column":0},"end":{"line":19,"column":53}},"19":{"start":{"line":20,"column":0},"end":{"line":20,"column":22}},"20":{"start":{"line":21,"column":0},"end":{"line":21,"column":52}},"21":{"start":{"line":22,"column":0},"end":{"line":22,"column":18}},"22":{"start":{"line":23,"column":0},"end":{"line":23,"column":32}},"23":{"start":{"line":24,"column":0},"end":{"line":24,"column":32}},"24":{"start":{"line":25,"column":0},"end":{"line":25,"column":33}},"25":{"start":{"line":26,"column":0},"end":{"line":26,"column":33}},"26":{"start":{"line":27,"column":0},"end":{"line":27,"column":33}},"27":{"start":{"line":28,"column":0},"end":{"line":28,"column":33}},"28":{"start":{"line":29,"column":0},"end":{"line":29,"column":33}},"29":{"start":{"line":30,"column":0},"end":{"line":30,"column":4}},"30":{"start":{"line":31,"column":0},"end":{"line":31,"column":28}},"31":{"start":{"line":32,"column":0},"end":{"line":32,"column":20}},"32":{"start":{"line":33,"column":0},"end":{"line":33,"column":60}},"33":{"start":{"line":34,"column":0},"end":{"line":34,"column":21}},"34":{"start":{"line":35,"column":0},"end":{"line":35,"column":19}},"35":{"start":{"line":36,"column":0},"end":{"line":36,"column":23}},"36":{"start":{"line":37,"column":0},"end":{"line":37,"column":19}},"37":{"start":{"line":38,"column":0},"end":{"line":38,"column":4}},"38":{"start":{"line":39,"column":0},"end":{"line":39,"column":1}},"39":{"start":{"line":40,"column":0},"end":{"line":40,"column":0}},"40":{"start":{"line":41,"column":0},"end":{"line":41,"column":32}}},"s":{"0":1,"1":1,"2":1,"3":28,"4":28,"5":28,"6":28,"7":28,"8":28,"9":28,"10":1,"11":1,"12":1,"13":1,"14":1,"15":1,"16":0,"17":0,"18":1,"19":1,"20":1,"21":1,"22":1,"23":1,"24":1,"25":1,"26":1,"27":1,"28":1,"29":1,"30":1,"31":1,"32":1,"33":1,"34":1,"35":1,"36":1,"37":1,"38":1,"39":1,"40":1},"branchMap":{"0":{"type":"branch","line":3,"loc":{"start":{"line":3,"column":50},"end":{"line":10,"column":1}},"locations":[{"start":{"line":3,"column":50},"end":{"line":10,"column":1}}]}},"b":{"0":[28]},"fnMap":{"0":{"name":"getCommonI18nCallRule","decl":{"start":{"line":3,"column":50},"end":{"line":10,"column":1}},"loc":{"start":{"line":3,"column":50},"end":{"line":10,"column":1}},"line":3},"1":{"name":"untransSymbol","decl":{"start":{"line":16,"column":17},"end":{"line":18,"column":4}},"loc":{"start":{"line":16,"column":17},"end":{"line":18,"column":4}},"line":16}},"f":{"0":28,"1":0}}
,"/Users/code/work/yoStar/yo-auto-i18n/packages/core/src/utils/excel.ts": {"path":"/Users/code/work/yoStar/yo-auto-i18n/packages/core/src/utils/excel.ts","all":false,"statementMap":{"0":{"start":{"line":1,"column":0},"end":{"line":1,"column":19}},"1":{"start":{"line":2,"column":0},"end":{"line":2,"column":42}},"2":{"start":{"line":3,"column":0},"end":{"line":3,"column":28}},"3":{"start":{"line":4,"column":0},"end":{"line":4,"column":23}},"4":{"start":{"line":5,"column":0},"end":{"line":5,"column":0}},"5":{"start":{"line":6,"column":0},"end":{"line":6,"column":23}},"6":{"start":{"line":7,"column":0},"end":{"line":7,"column":24}},"7":{"start":{"line":8,"column":0},"end":{"line":8,"column":25}},"8":{"start":{"line":9,"column":0},"end":{"line":9,"column":28}},"9":{"start":{"line":10,"column":0},"end":{"line":10,"column":24}},"10":{"start":{"line":11,"column":0},"end":{"line":11,"column":6}},"11":{"start":{"line":12,"column":0},"end":{"line":12,"column":38}},"12":{"start":{"line":13,"column":0},"end":{"line":13,"column":0}},"13":{"start":{"line":14,"column":0},"end":{"line":14,"column":49}},"14":{"start":{"line":15,"column":0},"end":{"line":15,"column":15}},"15":{"start":{"line":16,"column":0},"end":{"line":16,"column":28}},"16":{"start":{"line":17,"column":0},"end":{"line":17,"column":46}},"17":{"start":{"line":18,"column":0},"end":{"line":18,"column":18}},"18":{"start":{"line":19,"column":0},"end":{"line":19,"column":6}},"19":{"start":{"line":20,"column":0},"end":{"line":20,"column":3}},"20":{"start":{"line":21,"column":0},"end":{"line":21,"column":0}},"21":{"start":{"line":22,"column":0},"end":{"line":22,"column":33}},"22":{"start":{"line":23,"column":0},"end":{"line":23,"column":0}},"23":{"start":{"line":24,"column":0},"end":{"line":24,"column":7}},"24":{"start":{"line":25,"column":0},"end":{"line":25,"column":43}},"25":{"start":{"line":26,"column":0},"end":{"line":26,"column":66}},"26":{"start":{"line":27,"column":0},"end":{"line":27,"column":3}},"27":{"start":{"line":28,"column":0},"end":{"line":28,"column":17}},"28":{"start":{"line":29,"column":0},"end":{"line":29,"column":49}},"29":{"start":{"line":30,"column":0},"end":{"line":30,"column":3}},"30":{"start":{"line":31,"column":0},"end":{"line":31,"column":1}},"31":{"start":{"line":32,"column":0},"end":{"line":32,"column":0}},"32":{"start":{"line":33,"column":0},"end":{"line":33,"column":44}},"33":{"start":{"line":34,"column":0},"end":{"line":34,"column":32}},"34":{"start":{"line":35,"column":0},"end":{"line":35,"column":36}},"35":{"start":{"line":36,"column":0},"end":{"line":36,"column":19}},"36":{"start":{"line":37,"column":0},"end":{"line":37,"column":18}},"37":{"start":{"line":38,"column":0},"end":{"line":38,"column":22}},"38":{"start":{"line":39,"column":0},"end":{"line":39,"column":7}},"39":{"start":{"line":40,"column":0},"end":{"line":40,"column":3}},"40":{"start":{"line":41,"column":0},"end":{"line":41,"column":8}},"41":{"start":{"line":42,"column":0},"end":{"line":42,"column":40}},"42":{"start":{"line":43,"column":0},"end":{"line":43,"column":3}},"43":{"start":{"line":44,"column":0},"end":{"line":44,"column":1}},"44":{"start":{"line":45,"column":0},"end":{"line":45,"column":0}},"45":{"start":{"line":46,"column":0},"end":{"line":46,"column":38}}},"s":{"0":1,"1":1,"2":1,"3":1,"4":1,"5":1,"6":2,"7":2,"8":2,"9":2,"10":2,"11":2,"12":2,"13":2,"14":4,"15":4,"16":4,"17":4,"18":4,"19":4,"20":2,"21":2,"22":2,"23":2,"24":2,"25":2,"26":2,"27":1,"28":1,"29":1,"30":2,"31":1,"32":1,"33":2,"34":1,"35":1,"36":1,"37":1,"38":1,"39":1,"40":1,"41":1,"42":1,"43":2,"44":1,"45":1},"branchMap":{"0":{"type":"branch","line":6,"loc":{"start":{"line":6,"column":22},"end":{"line":31,"column":1}},"locations":[{"start":{"line":6,"column":22},"end":{"line":31,"column":1}}]},"1":{"type":"branch","line":14,"loc":{"start":{"line":14,"column":48},"end":{"line":20,"column":3}},"locations":[{"start":{"line":14,"column":48},"end":{"line":20,"column":3}}]},"2":{"type":"branch","line":27,"loc":{"start":{"line":27,"column":2},"end":{"line":30,"column":3}},"locations":[{"start":{"line":27,"column":2},"end":{"line":30,"column":3}}]},"3":{"type":"branch","line":33,"loc":{"start":{"line":33,"column":21},"end":{"line":44,"column":1}},"locations":[{"start":{"line":33,"column":21},"end":{"line":44,"column":1}}]},"4":{"type":"branch","line":34,"loc":{"start":{"line":34,"column":31},"end":{"line":43,"column":3}},"locations":[{"start":{"line":34,"column":31},"end":{"line":43,"column":3}}]},"5":{"type":"branch","line":46,"loc":{"start":{"line":46,"column":24},"end":{"line":46,"column":38}},"locations":[{"start":{"line":46,"column":24},"end":{"line":46,"column":38}}]}},"b":{"0":[2],"1":[4],"2":[1],"3":[2],"4":[1],"5":[2]},"fnMap":{"0":{"name":"writeXlsxFile","decl":{"start":{"line":6,"column":22},"end":{"line":31,"column":1}},"loc":{"start":{"line":6,"column":22},"end":{"line":31,"column":1}},"line":6},"1":{"name":"readXlsxFile","decl":{"start":{"line":33,"column":21},"end":{"line":44,"column":1}},"loc":{"start":{"line":33,"column":21},"end":{"line":44,"column":1}},"line":33},"2":{"name":"get","decl":{"start":{"line":46,"column":24},"end":{"line":46,"column":38}},"loc":{"start":{"line":46,"column":24},"end":{"line":46,"column":38}},"line":46}},"f":{"0":2,"1":2,"2":2}}
,"/Users/code/work/yoStar/yo-auto-i18n/packages/core/src/utils/format.ts": {"path":"/Users/code/work/yoStar/yo-auto-i18n/packages/core/src/utils/format.ts","all":false,"statementMap":{"0":{"start":{"line":1,"column":0},"end":{"line":1,"column":19}},"1":{"start":{"line":2,"column":0},"end":{"line":2,"column":31}},"2":{"start":{"line":3,"column":0},"end":{"line":3,"column":23}},"3":{"start":{"line":4,"column":0},"end":{"line":4,"column":0}},"4":{"start":{"line":5,"column":0},"end":{"line":5,"column":52}},"5":{"start":{"line":6,"column":0},"end":{"line":6,"column":41}},"6":{"start":{"line":7,"column":0},"end":{"line":7,"column":29}},"7":{"start":{"line":8,"column":0},"end":{"line":8,"column":14}},"8":{"start":{"line":9,"column":0},"end":{"line":9,"column":4}},"9":{"start":{"line":10,"column":0},"end":{"line":10,"column":0}},"10":{"start":{"line":11,"column":0},"end":{"line":11,"column":50}},"11":{"start":{"line":12,"column":0},"end":{"line":12,"column":0}},"12":{"start":{"line":13,"column":0},"end":{"line":13,"column":51}},"13":{"start":{"line":14,"column":0},"end":{"line":14,"column":0}},"14":{"start":{"line":15,"column":0},"end":{"line":15,"column":46}},"15":{"start":{"line":16,"column":0},"end":{"line":16,"column":29}},"16":{"start":{"line":17,"column":0},"end":{"line":17,"column":32}},"17":{"start":{"line":18,"column":0},"end":{"line":18,"column":59}},"18":{"start":{"line":19,"column":0},"end":{"line":19,"column":8}},"19":{"start":{"line":20,"column":0},"end":{"line":20,"column":59}},"20":{"start":{"line":21,"column":0},"end":{"line":21,"column":3}},"21":{"start":{"line":22,"column":0},"end":{"line":22,"column":1}},"22":{"start":{"line":23,"column":0},"end":{"line":23,"column":0}},"23":{"start":{"line":24,"column":0},"end":{"line":24,"column":17}}},"s":{"0":1,"1":1,"2":1,"3":1,"4":1,"5":1,"6":1,"7":1,"8":1,"9":1,"10":1,"11":1,"12":1,"13":1,"14":1,"15":1,"16":1,"17":1,"18":0,"19":0,"20":1,"21":1,"22":1,"23":1},"branchMap":{"0":{"type":"branch","line":5,"loc":{"start":{"line":5,"column":15},"end":{"line":22,"column":1}},"locations":[{"start":{"line":5,"column":15},"end":{"line":22,"column":1}}]},"1":{"type":"branch","line":18,"loc":{"start":{"line":18,"column":58},"end":{"line":20,"column":59}},"locations":[{"start":{"line":18,"column":58},"end":{"line":20,"column":59}}]},"2":{"type":"branch","line":24,"loc":{"start":{"line":24,"column":9},"end":{"line":24,"column":17}},"locations":[{"start":{"line":24,"column":9},"end":{"line":24,"column":17}}]}},"b":{"0":[1],"1":[0],"2":[1]},"fnMap":{"0":{"name":"format","decl":{"start":{"line":5,"column":15},"end":{"line":22,"column":1}},"loc":{"start":{"line":5,"column":15},"end":{"line":22,"column":1}},"line":5},"1":{"name":"get","decl":{"start":{"line":24,"column":9},"end":{"line":24,"column":17}},"loc":{"start":{"line":24,"column":9},"end":{"line":24,"column":17}},"line":24}},"f":{"0":1,"1":1}}
,"/Users/code/work/yoStar/yo-auto-i18n/packages/core/src/utils/glob.ts": {"path":"/Users/code/work/yoStar/yo-auto-i18n/packages/core/src/utils/glob.ts","all":false,"statementMap":{"0":{"start":{"line":1,"column":0},"end":{"line":1,"column":38}},"1":{"start":{"line":2,"column":0},"end":{"line":2,"column":0}},"2":{"start":{"line":3,"column":0},"end":{"line":3,"column":23}},"3":{"start":{"line":4,"column":0},"end":{"line":4,"column":19}},"4":{"start":{"line":5,"column":0},"end":{"line":5,"column":26}},"5":{"start":{"line":6,"column":0},"end":{"line":6,"column":40}},"6":{"start":{"line":7,"column":0},"end":{"line":7,"column":23}},"7":{"start":{"line":8,"column":0},"end":{"line":8,"column":0}},"8":{"start":{"line":9,"column":0},"end":{"line":9,"column":28}},"9":{"start":{"line":10,"column":0},"end":{"line":10,"column":17}},"10":{"start":{"line":11,"column":0},"end":{"line":11,"column":46}},"11":{"start":{"line":12,"column":0},"end":{"line":12,"column":1}},"12":{"start":{"line":13,"column":0},"end":{"line":13,"column":0}},"13":{"start":{"line":14,"column":0},"end":{"line":14,"column":48}},"14":{"start":{"line":15,"column":0},"end":{"line":15,"column":59}},"15":{"start":{"line":16,"column":0},"end":{"line":16,"column":50}},"16":{"start":{"line":17,"column":0},"end":{"line":17,"column":35}},"17":{"start":{"line":18,"column":0},"end":{"line":18,"column":1}},"18":{"start":{"line":19,"column":0},"end":{"line":19,"column":0}},"19":{"start":{"line":20,"column":0},"end":{"line":20,"column":59}},"20":{"start":{"line":21,"column":0},"end":{"line":21,"column":81}},"21":{"start":{"line":22,"column":0},"end":{"line":22,"column":50}},"22":{"start":{"line":23,"column":0},"end":{"line":23,"column":30}},"23":{"start":{"line":24,"column":0},"end":{"line":24,"column":29}},"24":{"start":{"line":25,"column":0},"end":{"line":25,"column":1}},"25":{"start":{"line":26,"column":0},"end":{"line":26,"column":0}},"26":{"start":{"line":27,"column":0},"end":{"line":27,"column":47}},"27":{"start":{"line":28,"column":0},"end":{"line":28,"column":51}},"28":{"start":{"line":29,"column":0},"end":{"line":29,"column":59}},"29":{"start":{"line":30,"column":0},"end":{"line":30,"column":0}},"30":{"start":{"line":31,"column":0},"end":{"line":31,"column":38}},"31":{"start":{"line":32,"column":0},"end":{"line":32,"column":46}},"32":{"start":{"line":33,"column":0},"end":{"line":33,"column":13}},"33":{"start":{"line":34,"column":0},"end":{"line":34,"column":3}},"34":{"start":{"line":35,"column":0},"end":{"line":35,"column":0}},"35":{"start":{"line":36,"column":0},"end":{"line":36,"column":49}},"36":{"start":{"line":37,"column":0},"end":{"line":37,"column":30}},"37":{"start":{"line":38,"column":0},"end":{"line":38,"column":32}},"38":{"start":{"line":39,"column":0},"end":{"line":39,"column":0}},"39":{"start":{"line":40,"column":0},"end":{"line":40,"column":25}},"40":{"start":{"line":41,"column":0},"end":{"line":41,"column":46}},"41":{"start":{"line":42,"column":0},"end":{"line":42,"column":30}},"42":{"start":{"line":43,"column":0},"end":{"line":43,"column":16}},"43":{"start":{"line":44,"column":0},"end":{"line":44,"column":43}},"44":{"start":{"line":45,"column":0},"end":{"line":45,"column":41}},"45":{"start":{"line":46,"column":0},"end":{"line":46,"column":46}},"46":{"start":{"line":47,"column":0},"end":{"line":47,"column":62}},"47":{"start":{"line":48,"column":0},"end":{"line":48,"column":9}},"48":{"start":{"line":49,"column":0},"end":{"line":49,"column":7}},"49":{"start":{"line":50,"column":0},"end":{"line":50,"column":43}},"50":{"start":{"line":51,"column":0},"end":{"line":51,"column":23}},"51":{"start":{"line":52,"column":0},"end":{"line":52,"column":7}},"52":{"start":{"line":53,"column":0},"end":{"line":53,"column":5}},"53":{"start":{"line":54,"column":0},"end":{"line":54,"column":16}},"54":{"start":{"line":55,"column":0},"end":{"line":55,"column":3}},"55":{"start":{"line":56,"column":0},"end":{"line":56,"column":8}},"56":{"start":{"line":57,"column":0},"end":{"line":57,"column":26}},"57":{"start":{"line":58,"column":0},"end":{"line":58,"column":3}},"58":{"start":{"line":59,"column":0},"end":{"line":59,"column":1}},"59":{"start":{"line":60,"column":0},"end":{"line":60,"column":0}},"60":{"start":{"line":61,"column":0},"end":{"line":61,"column":44}}},"s":{"0":1,"1":1,"2":1,"3":1,"4":1,"5":1,"6":1,"7":1,"8":1,"9":1,"10":1,"11":1,"12":1,"13":1,"14":1,"15":12,"16":12,"17":12,"18":1,"19":1,"20":1,"21":6,"22":6,"23":6,"24":6,"25":1,"26":1,"27":1,"28":3,"29":3,"30":3,"31":1,"32":1,"33":1,"34":2,"35":3,"36":1,"37":1,"38":1,"39":1,"40":132,"41":132,"42":132,"43":132,"44":40,"45":39,"46":39,"47":39,"48":40,"49":92,"50":92,"51":92,"52":132,"53":1,"54":1,"55":1,"56":1,"57":1,"58":3,"59":1,"60":1},"branchMap":{"0":{"type":"branch","line":15,"loc":{"start":{"line":15,"column":15},"end":{"line":18,"column":1}},"locations":[{"start":{"line":15,"column":15},"end":{"line":18,"column":1}}]},"1":{"type":"branch","line":21,"loc":{"start":{"line":21,"column":24},"end":{"line":25,"column":1}},"locations":[{"start":{"line":21,"column":24},"end":{"line":25,"column":1}}]},"2":{"type":"branch","line":28,"loc":{"start":{"line":28,"column":17},"end":{"line":59,"column":1}},"locations":[{"start":{"line":28,"column":17},"end":{"line":59,"column":1}}]},"3":{"type":"branch","line":31,"loc":{"start":{"line":31,"column":37},"end":{"line":34,"column":3}},"locations":[{"start":{"line":31,"column":37},"end":{"line":34,"column":3}}]},"4":{"type":"branch","line":34,"loc":{"start":{"line":34,"column":2},"end":{"line":36,"column":48}},"locations":[{"start":{"line":34,"column":2},"end":{"line":36,"column":48}}]},"5":{"type":"branch","line":36,"loc":{"start":{"line":36,"column":48},"end":{"line":58,"column":3}},"locations":[{"start":{"line":36,"column":48},"end":{"line":58,"column":3}}]},"6":{"type":"branch","line":40,"loc":{"start":{"line":40,"column":24},"end":{"line":53,"column":5}},"locations":[{"start":{"line":40,"column":24},"end":{"line":53,"column":5}}]},"7":{"type":"branch","line":43,"loc":{"start":{"line":43,"column":8},"end":{"line":43,"column":16}},"locations":[{"start":{"line":43,"column":8},"end":{"line":43,"column":16}}]},"8":{"type":"branch","line":44,"loc":{"start":{"line":44,"column":42},"end":{"line":49,"column":7}},"locations":[{"start":{"line":44,"column":42},"end":{"line":49,"column":7}}]},"9":{"type":"branch","line":45,"loc":{"start":{"line":45,"column":40},"end":{"line":48,"column":9}},"locations":[{"start":{"line":45,"column":40},"end":{"line":48,"column":9}}]},"10":{"type":"branch","line":49,"loc":{"start":{"line":49,"column":6},"end":{"line":52,"column":7}},"locations":[{"start":{"line":49,"column":6},"end":{"line":52,"column":7}}]},"11":{"type":"branch","line":47,"loc":{"start":{"line":47,"column":37},"end":{"line":47,"column":59}},"locations":[{"start":{"line":47,"column":37},"end":{"line":47,"column":59}}]},"12":{"type":"branch","line":61,"loc":{"start":{"line":61,"column":27},"end":{"line":61,"column":44}},"locations":[{"start":{"line":61,"column":27},"end":{"line":61,"column":44}}]}},"b":{"0":[12],"1":[6],"2":[3],"3":[1],"4":[2],"5":[1],"6":[132],"7":[0],"8":[40],"9":[39],"10":[92],"11":[131],"12":[6]},"fnMap":{"0":{"name":"fgSync","decl":{"start":{"line":15,"column":15},"end":{"line":18,"column":1}},"loc":{"start":{"line":15,"column":15},"end":{"line":18,"column":1}},"line":15},"1":{"name":"checkInPatterns","decl":{"start":{"line":21,"column":24},"end":{"line":25,"column":1}},"loc":{"start":{"line":21,"column":24},"end":{"line":25,"column":1}},"line":21},"2":{"name":"getPaths","decl":{"start":{"line":28,"column":17},"end":{"line":59,"column":1}},"loc":{"start":{"line":28,"column":17},"end":{"line":59,"column":1}},"line":28},"3":{"name":"get","decl":{"start":{"line":61,"column":27},"end":{"line":61,"column":44}},"loc":{"start":{"line":61,"column":27},"end":{"line":61,"column":44}},"line":61}},"f":{"0":12,"1":6,"2":3,"3":6}}
,"/Users/code/work/yoStar/yo-auto-i18n/packages/core/src/utils/help.ts": {"path":"/Users/code/work/yoStar/yo-auto-i18n/packages/core/src/utils/help.ts","all":false,"statementMap":{"0":{"start":{"line":1,"column":0},"end":{"line":1,"column":23}},"1":{"start":{"line":2,"column":0},"end":{"line":2,"column":19}},"2":{"start":{"line":3,"column":0},"end":{"line":3,"column":48}},"3":{"start":{"line":4,"column":0},"end":{"line":4,"column":23}},"4":{"start":{"line":5,"column":0},"end":{"line":5,"column":40}},"5":{"start":{"line":6,"column":0},"end":{"line":6,"column":33}},"6":{"start":{"line":7,"column":0},"end":{"line":7,"column":0}},"7":{"start":{"line":8,"column":0},"end":{"line":8,"column":51}},"8":{"start":{"line":9,"column":0},"end":{"line":9,"column":38}},"9":{"start":{"line":10,"column":0},"end":{"line":10,"column":1}},"10":{"start":{"line":11,"column":0},"end":{"line":11,"column":0}},"11":{"start":{"line":12,"column":0},"end":{"line":12,"column":51}},"12":{"start":{"line":13,"column":0},"end":{"line":13,"column":25}},"13":{"start":{"line":14,"column":0},"end":{"line":14,"column":30}},"14":{"start":{"line":15,"column":0},"end":{"line":15,"column":23}},"15":{"start":{"line":16,"column":0},"end":{"line":16,"column":43}},"16":{"start":{"line":17,"column":0},"end":{"line":17,"column":72}},"17":{"start":{"line":18,"column":0},"end":{"line":18,"column":6}},"18":{"start":{"line":19,"column":0},"end":{"line":19,"column":72}},"19":{"start":{"line":20,"column":0},"end":{"line":20,"column":4}},"20":{"start":{"line":21,"column":0},"end":{"line":21,"column":0}},"21":{"start":{"line":22,"column":0},"end":{"line":22,"column":13}},"22":{"start":{"line":23,"column":0},"end":{"line":23,"column":1}},"23":{"start":{"line":24,"column":0},"end":{"line":24,"column":0}},"24":{"start":{"line":25,"column":0},"end":{"line":25,"column":53}},"25":{"start":{"line":26,"column":0},"end":{"line":26,"column":18}},"26":{"start":{"line":27,"column":0},"end":{"line":27,"column":18}},"27":{"start":{"line":28,"column":0},"end":{"line":28,"column":40}},"28":{"start":{"line":29,"column":0},"end":{"line":29,"column":31}},"29":{"start":{"line":30,"column":0},"end":{"line":30,"column":27}},"30":{"start":{"line":31,"column":0},"end":{"line":31,"column":15}},"31":{"start":{"line":32,"column":0},"end":{"line":32,"column":27}},"32":{"start":{"line":33,"column":0},"end":{"line":33,"column":14}},"33":{"start":{"line":34,"column":0},"end":{"line":34,"column":22}},"34":{"start":{"line":35,"column":0},"end":{"line":35,"column":46}},"35":{"start":{"line":36,"column":0},"end":{"line":36,"column":3}},"36":{"start":{"line":37,"column":0},"end":{"line":37,"column":11}},"37":{"start":{"line":38,"column":0},"end":{"line":38,"column":1}},"38":{"start":{"line":39,"column":0},"end":{"line":39,"column":0}},"39":{"start":{"line":40,"column":0},"end":{"line":40,"column":3}},"40":{"start":{"line":41,"column":0},"end":{"line":41,"column":66}},"41":{"start":{"line":42,"column":0},"end":{"line":42,"column":27}},"42":{"start":{"line":43,"column":0},"end":{"line":43,"column":13}},"43":{"start":{"line":44,"column":0},"end":{"line":44,"column":11}},"44":{"start":{"line":45,"column":0},"end":{"line":45,"column":3}},"45":{"start":{"line":46,"column":0},"end":{"line":46,"column":42}},"46":{"start":{"line":47,"column":0},"end":{"line":47,"column":11}},"47":{"start":{"line":48,"column":0},"end":{"line":48,"column":13}},"48":{"start":{"line":49,"column":0},"end":{"line":49,"column":19}},"49":{"start":{"line":50,"column":0},"end":{"line":50,"column":0}},"50":{"start":{"line":51,"column":0},"end":{"line":51,"column":55}},"51":{"start":{"line":52,"column":0},"end":{"line":52,"column":0}},"52":{"start":{"line":53,"column":0},"end":{"line":53,"column":27}},"53":{"start":{"line":54,"column":0},"end":{"line":54,"column":37}},"54":{"start":{"line":55,"column":0},"end":{"line":55,"column":38}},"55":{"start":{"line":56,"column":0},"end":{"line":56,"column":8}},"56":{"start":{"line":57,"column":0},"end":{"line":57,"column":23}},"57":{"start":{"line":58,"column":0},"end":{"line":58,"column":3}},"58":{"start":{"line":59,"column":0},"end":{"line":59,"column":10}},"59":{"start":{"line":60,"column":0},"end":{"line":60,"column":1}},"60":{"start":{"line":61,"column":0},"end":{"line":61,"column":0}},"61":{"start":{"line":62,"column":0},"end":{"line":62,"column":31}},"62":{"start":{"line":63,"column":0},"end":{"line":63,"column":22}},"63":{"start":{"line":64,"column":0},"end":{"line":64,"column":15}},"64":{"start":{"line":65,"column":0},"end":{"line":65,"column":14}},"65":{"start":{"line":66,"column":0},"end":{"line":66,"column":6}},"66":{"start":{"line":67,"column":0},"end":{"line":67,"column":57}},"67":{"start":{"line":68,"column":0},"end":{"line":68,"column":36}},"68":{"start":{"line":69,"column":0},"end":{"line":69,"column":93}},"69":{"start":{"line":70,"column":0},"end":{"line":70,"column":0}},"70":{"start":{"line":71,"column":0},"end":{"line":71,"column":85}},"71":{"start":{"line":72,"column":0},"end":{"line":72,"column":26}},"72":{"start":{"line":73,"column":0},"end":{"line":73,"column":1}},"73":{"start":{"line":74,"column":0},"end":{"line":74,"column":0}},"74":{"start":{"line":75,"column":0},"end":{"line":75,"column":3}},"75":{"start":{"line":76,"column":0},"end":{"line":76,"column":40}},"76":{"start":{"line":77,"column":0},"end":{"line":77,"column":3}},"77":{"start":{"line":78,"column":0},"end":{"line":78,"column":50}},"78":{"start":{"line":79,"column":0},"end":{"line":79,"column":17}},"79":{"start":{"line":80,"column":0},"end":{"line":80,"column":14}},"80":{"start":{"line":81,"column":0},"end":{"line":81,"column":52}},"81":{"start":{"line":82,"column":0},"end":{"line":82,"column":0}},"82":{"start":{"line":83,"column":0},"end":{"line":83,"column":16}},"83":{"start":{"line":84,"column":0},"end":{"line":84,"column":0}},"84":{"start":{"line":85,"column":0},"end":{"line":85,"column":49}},"85":{"start":{"line":86,"column":0},"end":{"line":86,"column":20}},"86":{"start":{"line":87,"column":0},"end":{"line":87,"column":0}},"87":{"start":{"line":88,"column":0},"end":{"line":88,"column":24}},"88":{"start":{"line":89,"column":0},"end":{"line":89,"column":30}},"89":{"start":{"line":90,"column":0},"end":{"line":90,"column":0}},"90":{"start":{"line":91,"column":0},"end":{"line":91,"column":41}},"91":{"start":{"line":92,"column":0},"end":{"line":92,"column":23}},"92":{"start":{"line":93,"column":0},"end":{"line":93,"column":8}},"93":{"start":{"line":94,"column":0},"end":{"line":94,"column":22}},"94":{"start":{"line":95,"column":0},"end":{"line":95,"column":3}},"95":{"start":{"line":96,"column":0},"end":{"line":96,"column":13}},"96":{"start":{"line":97,"column":0},"end":{"line":97,"column":1}},"97":{"start":{"line":98,"column":0},"end":{"line":98,"column":0}},"98":{"start":{"line":99,"column":0},"end":{"line":99,"column":63}},"99":{"start":{"line":100,"column":0},"end":{"line":100,"column":52}},"100":{"start":{"line":101,"column":0},"end":{"line":101,"column":0}},"101":{"start":{"line":102,"column":0},"end":{"line":102,"column":25}},"102":{"start":{"line":103,"column":0},"end":{"line":103,"column":10}},"103":{"start":{"line":104,"column":0},"end":{"line":104,"column":0}},"104":{"start":{"line":105,"column":0},"end":{"line":105,"column":16}},"105":{"start":{"line":106,"column":0},"end":{"line":106,"column":28}},"106":{"start":{"line":107,"column":0},"end":{"line":107,"column":30}},"107":{"start":{"line":108,"column":0},"end":{"line":108,"column":0}},"108":{"start":{"line":109,"column":0},"end":{"line":109,"column":15}},"109":{"start":{"line":110,"column":0},"end":{"line":110,"column":35}},"110":{"start":{"line":111,"column":0},"end":{"line":111,"column":23}},"111":{"start":{"line":112,"column":0},"end":{"line":112,"column":0}},"112":{"start":{"line":113,"column":0},"end":{"line":113,"column":23}},"113":{"start":{"line":114,"column":0},"end":{"line":114,"column":37}},"114":{"start":{"line":115,"column":0},"end":{"line":115,"column":52}},"115":{"start":{"line":116,"column":0},"end":{"line":116,"column":14}},"116":{"start":{"line":117,"column":0},"end":{"line":117,"column":7}},"117":{"start":{"line":118,"column":0},"end":{"line":118,"column":5}},"118":{"start":{"line":119,"column":0},"end":{"line":119,"column":3}},"119":{"start":{"line":120,"column":0},"end":{"line":120,"column":22}},"120":{"start":{"line":121,"column":0},"end":{"line":121,"column":1}},"121":{"start":{"line":122,"column":0},"end":{"line":122,"column":0}},"122":{"start":{"line":123,"column":0},"end":{"line":123,"column":31}},"123":{"start":{"line":124,"column":0},"end":{"line":124,"column":48}},"124":{"start":{"line":125,"column":0},"end":{"line":125,"column":28}},"125":{"start":{"line":126,"column":0},"end":{"line":126,"column":0}},"126":{"start":{"line":127,"column":0},"end":{"line":127,"column":39}},"127":{"start":{"line":128,"column":0},"end":{"line":128,"column":37}},"128":{"start":{"line":129,"column":0},"end":{"line":129,"column":56}},"129":{"start":{"line":130,"column":0},"end":{"line":130,"column":70}},"130":{"start":{"line":131,"column":0},"end":{"line":131,"column":77}},"131":{"start":{"line":132,"column":0},"end":{"line":132,"column":10}},"132":{"start":{"line":133,"column":0},"end":{"line":133,"column":78}},"133":{"start":{"line":134,"column":0},"end":{"line":134,"column":5}},"134":{"start":{"line":135,"column":0},"end":{"line":135,"column":14}},"135":{"start":{"line":136,"column":0},"end":{"line":136,"column":3}},"136":{"start":{"line":137,"column":0},"end":{"line":137,"column":26}},"137":{"start":{"line":138,"column":0},"end":{"line":138,"column":1}},"138":{"start":{"line":139,"column":0},"end":{"line":139,"column":0}},"139":{"start":{"line":140,"column":0},"end":{"line":140,"column":8}},"140":{"start":{"line":141,"column":0},"end":{"line":141,"column":18}},"141":{"start":{"line":142,"column":0},"end":{"line":142,"column":20}},"142":{"start":{"line":143,"column":0},"end":{"line":143,"column":16}},"143":{"start":{"line":144,"column":0},"end":{"line":144,"column":16}},"144":{"start":{"line":145,"column":0},"end":{"line":145,"column":16}},"145":{"start":{"line":146,"column":0},"end":{"line":146,"column":10}},"146":{"start":{"line":147,"column":0},"end":{"line":147,"column":17}},"147":{"start":{"line":148,"column":0},"end":{"line":148,"column":17}},"148":{"start":{"line":149,"column":0},"end":{"line":149,"column":1}}},"s":{"0":1,"1":1,"2":1,"3":1,"4":1,"5":1,"6":1,"7":1,"8":5,"9":5,"10":1,"11":1,"12":5,"13":5,"14":5,"15":5,"16":5,"17":5,"18":5,"19":5,"20":5,"21":5,"22":5,"23":1,"24":1,"25":47,"26":47,"27":47,"28":47,"29":75,"30":75,"31":75,"32":75,"33":71,"34":75,"35":75,"36":4,"37":4,"38":1,"39":1,"40":1,"41":1,"42":1,"43":1,"44":1,"45":1,"46":8,"47":8,"48":8,"49":8,"50":8,"51":8,"52":8,"53":22,"54":22,"55":19,"56":19,"57":22,"58":8,"59":8,"60":1,"61":1,"62":3,"63":3,"64":3,"65":3,"66":3,"67":3,"68":3,"69":3,"70":3,"71":3,"72":3,"73":1,"74":1,"75":1,"76":1,"77":1,"78":8,"79":8,"80":7,"81":7,"82":7,"83":7,"84":8,"85":8,"86":3,"87":5,"88":5,"89":5,"90":5,"91":5,"92":2,"93":2,"94":5,"95":1,"96":1,"97":1,"98":1,"99":5,"100":5,"101":5,"102":5,"103":5,"104":5,"105":5,"106":2,"107":2,"108":2,"109":2,"110":2,"111":2,"112":2,"113":2,"114":1,"115":1,"116":1,"117":2,"118":2,"119":4,"120":4,"121":1,"122":1,"123":5,"124":8,"125":8,"126":8,"127":13,"128":13,"129":4,"130":4,"131":1,"132":1,"133":13,"134":8,"135":8,"136":5,"137":5,"138":1,"139":1,"140":1,"141":1,"142":1,"143":1,"144":1,"145":1,"146":1,"147":1,"148":1},"branchMap":{"0":{"type":"branch","line":8,"loc":{"start":{"line":8,"column":23},"end":{"line":10,"column":1}},"locations":[{"start":{"line":8,"column":23},"end":{"line":10,"column":1}}]},"1":{"type":"branch","line":12,"loc":{"start":{"line":12,"column":23},"end":{"line":23,"column":1}},"locations":[{"start":{"line":12,"column":23},"end":{"line":23,"column":1}}]},"2":{"type":"branch","line":17,"loc":{"start":{"line":17,"column":49},"end":{"line":17,"column":72}},"locations":[{"start":{"line":17,"column":49},"end":{"line":17,"column":72}}]},"3":{"type":"branch","line":19,"loc":{"start":{"line":19,"column":25},"end":{"line":19,"column":55}},"locations":[{"start":{"line":19,"column":25},"end":{"line":19,"column":55}}]},"4":{"type":"branch","line":19,"loc":{"start":{"line":19,"column":49},"end":{"line":19,"column":72}},"locations":[{"start":{"line":19,"column":49},"end":{"line":19,"column":72}}]},"5":{"type":"branch","line":25,"loc":{"start":{"line":25,"column":26},"end":{"line":38,"column":1}},"locations":[{"start":{"line":25,"column":26},"end":{"line":38,"column":1}}]},"6":{"type":"branch","line":29,"loc":{"start":{"line":29,"column":30},"end":{"line":36,"column":3}},"locations":[{"start":{"line":29,"column":30},"end":{"line":36,"column":3}}]},"7":{"type":"branch","line":31,"loc":{"start":{"line":31,"column":6},"end":{"line":31,"column":15}},"locations":[{"start":{"line":31,"column":6},"end":{"line":31,"column":15}}]},"8":{"type":"branch","line":33,"loc":{"start":{"line":33,"column":6},"end":{"line":33,"column":14}},"locations":[{"start":{"line":33,"column":6},"end":{"line":33,"column":14}}]},"9":{"type":"branch","line":33,"loc":{"start":{"line":33,"column":13},"end":{"line":35,"column":13}},"locations":[{"start":{"line":33,"column":13},"end":{"line":35,"column":13}}]},"10":{"type":"branch","line":35,"loc":{"start":{"line":35,"column":6},"end":{"line":35,"column":46}},"locations":[{"start":{"line":35,"column":6},"end":{"line":35,"column":46}}]},"11":{"type":"branch","line":36,"loc":{"start":{"line":36,"column":2},"end":{"line":38,"column":1}},"locations":[{"start":{"line":36,"column":2},"end":{"line":38,"column":1}}]},"12":{"type":"branch","line":46,"loc":{"start":{"line":46,"column":22},"end":{"line":60,"column":1}},"locations":[{"start":{"line":46,"column":22},"end":{"line":60,"column":1}}]},"13":{"type":"branch","line":48,"loc":{"start":{"line":48,"column":4},"end":{"line":48,"column":13}},"locations":[{"start":{"line":48,"column":4},"end":{"line":48,"column":13}}]},"14":{"type":"branch","line":53,"loc":{"start":{"line":53,"column":26},"end":{"line":58,"column":3}},"locations":[{"start":{"line":53,"column":26},"end":{"line":58,"column":3}}]},"15":{"type":"branch","line":55,"loc":{"start":{"line":55,"column":6},"end":{"line":55,"column":38}},"locations":[{"start":{"line":55,"column":6},"end":{"line":55,"column":38}}]},"16":{"type":"branch","line":55,"loc":{"start":{"line":55,"column":37},"end":{"line":57,"column":23}},"locations":[{"start":{"line":55,"column":37},"end":{"line":57,"column":23}}]},"17":{"type":"branch","line":62,"loc":{"start":{"line":62,"column":24},"end":{"line":73,"column":1}},"locations":[{"start":{"line":62,"column":24},"end":{"line":73,"column":1}}]},"18":{"type":"branch","line":71,"loc":{"start":{"line":71,"column":17},"end":{"line":71,"column":85}},"locations":[{"start":{"line":71,"column":17},"end":{"line":71,"column":85}}]},"19":{"type":"branch","line":72,"loc":{"start":{"line":72,"column":4},"end":{"line":72,"column":26}},"locations":[{"start":{"line":72,"column":4},"end":{"line":72,"column":26}}]},"20":{"type":"branch","line":78,"loc":{"start":{"line":78,"column":22},"end":{"line":97,"column":1}},"locations":[{"start":{"line":78,"column":22},"end":{"line":97,"column":1}}]},"21":{"type":"branch","line":80,"loc":{"start":{"line":80,"column":4},"end":{"line":80,"column":14}},"locations":[{"start":{"line":80,"column":4},"end":{"line":80,"column":14}}]},"22":{"type":"branch","line":80,"loc":{"start":{"line":80,"column":11},"end":{"line":85,"column":19}},"locations":[{"start":{"line":80,"column":11},"end":{"line":85,"column":19}}]},"23":{"type":"branch","line":85,"loc":{"start":{"line":85,"column":14},"end":{"line":85,"column":49}},"locations":[{"start":{"line":85,"column":14},"end":{"line":85,"column":49}}]},"24":{"type":"branch","line":86,"loc":{"start":{"line":86,"column":4},"end":{"line":86,"column":20}},"locations":[{"start":{"line":86,"column":4},"end":{"line":86,"column":20}}]},"25":{"type":"branch","line":86,"loc":{"start":{"line":86,"column":19},"end":{"line":95,"column":3}},"locations":[{"start":{"line":86,"column":19},"end":{"line":95,"column":3}}]},"26":{"type":"branch","line":86,"loc":{"start":{"line":86,"column":19},"end":{"line":88,"column":23}},"locations":[{"start":{"line":86,"column":19},"end":{"line":88,"column":23}}]},"27":{"type":"branch","line":92,"loc":{"start":{"line":92,"column":6},"end":{"line":92,"column":23}},"locations":[{"start":{"line":92,"column":6},"end":{"line":92,"column":23}}]},"28":{"type":"branch","line":92,"loc":{"start":{"line":92,"column":22},"end":{"line":94,"column":22}},"locations":[{"start":{"line":92,"column":22},"end":{"line":94,"column":22}}]},"29":{"type":"branch","line":95,"loc":{"start":{"line":95,"column":2},"end":{"line":97,"column":1}},"locations":[{"start":{"line":95,"column":2},"end":{"line":97,"column":1}}]},"30":{"type":"branch","line":81,"loc":{"start":{"line":81,"column":38},"end":{"line":81,"column":51}},"locations":[{"start":{"line":81,"column":38},"end":{"line":81,"column":51}}]},"31":{"type":"branch","line":99,"loc":{"start":{"line":99,"column":22},"end":{"line":121,"column":1}},"locations":[{"start":{"line":99,"column":22},"end":{"line":121,"column":1}}]},"32":{"type":"branch","line":103,"loc":{"start":{"line":103,"column":4},"end":{"line":103,"column":10}},"locations":[{"start":{"line":103,"column":4},"end":{"line":103,"column":10}}]},"33":{"type":"branch","line":106,"loc":{"start":{"line":106,"column":27},"end":{"line":119,"column":3}},"locations":[{"start":{"line":106,"column":27},"end":{"line":119,"column":3}}]},"34":{"type":"branch","line":111,"loc":{"start":{"line":111,"column":8},"end":{"line":111,"column":23}},"locations":[{"start":{"line":111,"column":8},"end":{"line":111,"column":23}}]},"35":{"type":"branch","line":114,"loc":{"start":{"line":114,"column":36},"end":{"line":117,"column":7}},"locations":[{"start":{"line":114,"column":36},"end":{"line":117,"column":7}}]},"36":{"type":"branch","line":119,"loc":{"start":{"line":119,"column":2},"end":{"line":121,"column":1}},"locations":[{"start":{"line":119,"column":2},"end":{"line":121,"column":1}}]},"37":{"type":"branch","line":100,"loc":{"start":{"line":100,"column":38},"end":{"line":100,"column":51}},"locations":[{"start":{"line":100,"column":38},"end":{"line":100,"column":51}}]},"38":{"type":"branch","line":123,"loc":{"start":{"line":123,"column":16},"end":{"line":138,"column":1}},"locations":[{"start":{"line":123,"column":16},"end":{"line":138,"column":1}}]},"39":{"type":"branch","line":124,"loc":{"start":{"line":124,"column":19},"end":{"line":136,"column":3}},"locations":[{"start":{"line":124,"column":19},"end":{"line":136,"column":3}}]},"40":{"type":"branch","line":127,"loc":{"start":{"line":127,"column":38},"end":{"line":134,"column":5}},"locations":[{"start":{"line":127,"column":38},"end":{"line":134,"column":5}}]},"41":{"type":"branch","line":129,"loc":{"start":{"line":129,"column":8},"end":{"line":129,"column":56}},"locations":[{"start":{"line":129,"column":8},"end":{"line":129,"column":56}}]},"42":{"type":"branch","line":129,"loc":{"start":{"line":129,"column":29},"end":{"line":129,"column":38}},"locations":[{"start":{"line":129,"column":29},"end":{"line":129,"column":38}}]},"43":{"type":"branch","line":129,"loc":{"start":{"line":129,"column":34},"end":{"line":129,"column":55}},"locations":[{"start":{"line":129,"column":34},"end":{"line":129,"column":55}}]},"44":{"type":"branch","line":129,"loc":{"start":{"line":129,"column":55},"end":{"line":133,"column":78}},"locations":[{"start":{"line":129,"column":55},"end":{"line":133,"column":78}}]},"45":{"type":"branch","line":131,"loc":{"start":{"line":131,"column":8},"end":{"line":131,"column":77}},"locations":[{"start":{"line":131,"column":8},"end":{"line":131,"column":77}}]},"46":{"type":"branch","line":131,"loc":{"start":{"line":131,"column":49},"end":{"line":131,"column":58}},"locations":[{"start":{"line":131,"column":49},"end":{"line":131,"column":58}}]},"47":{"type":"branch","line":131,"loc":{"start":{"line":131,"column":54},"end":{"line":131,"column":75}},"locations":[{"start":{"line":131,"column":54},"end":{"line":131,"column":75}}]},"48":{"type":"branch","line":131,"loc":{"start":{"line":131,"column":76},"end":{"line":133,"column":78}},"locations":[{"start":{"line":131,"column":76},"end":{"line":133,"column":78}}]},"49":{"type":"branch","line":148,"loc":{"start":{"line":148,"column":2},"end":{"line":148,"column":17}},"locations":[{"start":{"line":148,"column":2},"end":{"line":148,"column":17}}]}},"b":{"0":[5],"1":[5],"2":[0],"3":[4],"4":[1],"5":[47],"6":[75],"7":[0],"8":[4],"9":[71],"10":[39],"11":[4],"12":[8],"13":[0],"14":[22],"15":[3],"16":[19],"17":[3],"18":[0],"19":[0],"20":[8],"21":[1],"22":[7],"23":[4],"24":[4],"25":[5],"26":[3],"27":[3],"28":[2],"29":[1],"30":[9],"31":[5],"32":[0],"33":[2],"34":[0],"35":[1],"36":[4],"37":[7],"38":[5],"39":[8],"40":[13],"41":[9],"42":[7],"43":[2],"44":[4],"45":[3],"46":[2],"47":[1],"48":[1],"49":[5]},"fnMap":{"0":{"name":"includeChinese","decl":{"start":{"line":8,"column":23},"end":{"line":10,"column":1}},"loc":{"start":{"line":8,"column":23},"end":{"line":10,"column":1}},"line":8},"1":{"name":"createFileName","decl":{"start":{"line":12,"column":23},"end":{"line":23,"column":1}},"loc":{"start":{"line":12,"column":23},"end":{"line":23,"column":1}},"line":12},"2":{"name":"lexicalComparator","decl":{"start":{"line":25,"column":26},"end":{"line":38,"column":1}},"loc":{"start":{"line":25,"column":26},"end":{"line":38,"column":1}},"line":25},"3":{"name":"sortObjectKey","decl":{"start":{"line":46,"column":22},"end":{"line":60,"column":1}},"loc":{"start":{"line":46,"column":22},"end":{"line":60,"column":1}},"line":46},"4":{"name":"writeToJsonFile","decl":{"start":{"line":62,"column":24},"end":{"line":73,"column":1}},"loc":{"start":{"line":62,"column":24},"end":{"line":73,"column":1}},"line":62},"5":{"name":"getValueByKey","decl":{"start":{"line":78,"column":22},"end":{"line":97,"column":1}},"loc":{"start":{"line":78,"column":22},"end":{"line":97,"column":1}},"line":78},"6":{"name":"setValueByKey","decl":{"start":{"line":99,"column":22},"end":{"line":121,"column":1}},"loc":{"start":{"line":99,"column":22},"end":{"line":121,"column":1}},"line":99},"7":{"name":"getKeys","decl":{"start":{"line":123,"column":16},"end":{"line":138,"column":1}},"loc":{"start":{"line":123,"column":16},"end":{"line":138,"column":1}},"line":123},"8":{"name":"_getKeys","decl":{"start":{"line":124,"column":19},"end":{"line":136,"column":3}},"loc":{"start":{"line":124,"column":19},"end":{"line":136,"column":3}},"line":124},"9":{"name":"get","decl":{"start":{"line":148,"column":2},"end":{"line":148,"column":17}},"loc":{"start":{"line":148,"column":2},"end":{"line":148,"column":17}},"line":148}},"f":{"0":5,"1":5,"2":47,"3":8,"4":3,"5":8,"6":5,"7":5,"8":8,"9":5}}
,"/Users/code/work/yoStar/yo-auto-i18n/packages/core/src/utils/log.ts": {"path":"/Users/code/work/yoStar/yo-auto-i18n/packages/core/src/utils/log.ts","all":false,"statementMap":{"0":{"start":{"line":1,"column":0},"end":{"line":1,"column":25}},"1":{"start":{"line":2,"column":0},"end":{"line":2,"column":48}},"2":{"start":{"line":3,"column":0},"end":{"line":3,"column":0}},"3":{"start":{"line":4,"column":0},"end":{"line":4,"column":19}},"4":{"start":{"line":5,"column":0},"end":{"line":5,"column":0}},"5":{"start":{"line":6,"column":0},"end":{"line":6,"column":13}},"6":{"start":{"line":7,"column":0},"end":{"line":7,"column":90}},"7":{"start":{"line":8,"column":0},"end":{"line":8,"column":0}},"8":{"start":{"line":9,"column":0},"end":{"line":9,"column":100}},"9":{"start":{"line":10,"column":0},"end":{"line":10,"column":0}},"10":{"start":{"line":11,"column":0},"end":{"line":11,"column":98}},"11":{"start":{"line":12,"column":0},"end":{"line":12,"column":0}},"12":{"start":{"line":13,"column":0},"end":{"line":13,"column":46}},"13":{"start":{"line":14,"column":0},"end":{"line":14,"column":16}},"14":{"start":{"line":15,"column":0},"end":{"line":15,"column":41}},"15":{"start":{"line":16,"column":0},"end":{"line":16,"column":21}},"16":{"start":{"line":17,"column":0},"end":{"line":17,"column":5}},"17":{"start":{"line":18,"column":0},"end":{"line":18,"column":12}},"18":{"start":{"line":19,"column":0},"end":{"line":19,"column":43}},"19":{"start":{"line":20,"column":0},"end":{"line":20,"column":4}},"20":{"start":{"line":21,"column":0},"end":{"line":21,"column":0}},"21":{"start":{"line":22,"column":0},"end":{"line":22,"column":50}},"22":{"start":{"line":23,"column":0},"end":{"line":23,"column":40}},"23":{"start":{"line":24,"column":0},"end":{"line":24,"column":56}},"24":{"start":{"line":25,"column":0},"end":{"line":25,"column":26}},"25":{"start":{"line":26,"column":0},"end":{"line":26,"column":14}},"26":{"start":{"line":27,"column":0},"end":{"line":27,"column":45}},"27":{"start":{"line":28,"column":0},"end":{"line":28,"column":5}},"28":{"start":{"line":29,"column":0},"end":{"line":29,"column":4}},"29":{"start":{"line":30,"column":0},"end":{"line":30,"column":0}},"30":{"start":{"line":31,"column":0},"end":{"line":31,"column":48}},"31":{"start":{"line":32,"column":0},"end":{"line":32,"column":38}},"32":{"start":{"line":33,"column":0},"end":{"line":33,"column":57}},"33":{"start":{"line":34,"column":0},"end":{"line":34,"column":29}},"34":{"start":{"line":35,"column":0},"end":{"line":35,"column":16}},"35":{"start":{"line":36,"column":0},"end":{"line":36,"column":45}},"36":{"start":{"line":37,"column":0},"end":{"line":37,"column":9}},"37":{"start":{"line":38,"column":0},"end":{"line":38,"column":7}},"38":{"start":{"line":39,"column":0},"end":{"line":39,"column":5}},"39":{"start":{"line":40,"column":0},"end":{"line":40,"column":4}},"40":{"start":{"line":41,"column":0},"end":{"line":41,"column":1}},"41":{"start":{"line":42,"column":0},"end":{"line":42,"column":0}},"42":{"start":{"line":43,"column":0},"end":{"line":43,"column":18}}},"s":{"0":1,"1":1,"2":1,"3":1,"4":1,"5":1,"6":1,"7":1,"8":1,"9":1,"10":1,"11":1,"12":1,"13":7,"14":7,"15":7,"16":7,"17":7,"18":7,"19":7,"20":1,"21":1,"22":2,"23":1,"24":1,"25":1,"26":1,"27":1,"28":2,"29":1,"30":1,"31":1,"32":1,"33":1,"34":1,"35":1,"36":1,"37":1,"38":1,"39":1,"40":1,"41":1,"42":1},"branchMap":{"0":{"type":"branch","line":7,"loc":{"start":{"line":7,"column":8},"end":{"line":7,"column":90}},"locations":[{"start":{"line":7,"column":8},"end":{"line":7,"column":90}}]},"1":{"type":"branch","line":9,"loc":{"start":{"line":9,"column":11},"end":{"line":9,"column":100}},"locations":[{"start":{"line":9,"column":11},"end":{"line":9,"column":100}}]},"2":{"type":"branch","line":11,"loc":{"start":{"line":11,"column":11},"end":{"line":11,"column":98}},"locations":[{"start":{"line":11,"column":11},"end":{"line":11,"column":98}}]},"3":{"type":"branch","line":13,"loc":{"start":{"line":13,"column":9},"end":{"line":20,"column":4}},"locations":[{"start":{"line":13,"column":9},"end":{"line":20,"column":4}}]},"4":{"type":"branch","line":19,"loc":{"start":{"line":19,"column":6},"end":{"line":19,"column":43}},"locations":[{"start":{"line":19,"column":6},"end":{"line":19,"column":43}}]},"5":{"type":"branch","line":22,"loc":{"start":{"line":22,"column":11},"end":{"line":29,"column":4}},"locations":[{"start":{"line":22,"column":11},"end":{"line":29,"column":4}}]},"6":{"type":"branch","line":23,"loc":{"start":{"line":23,"column":39},"end":{"line":28,"column":5}},"locations":[{"start":{"line":23,"column":39},"end":{"line":28,"column":5}}]},"7":{"type":"branch","line":31,"loc":{"start":{"line":31,"column":9},"end":{"line":40,"column":4}},"locations":[{"start":{"line":31,"column":9},"end":{"line":40,"column":4}}]}},"b":{"0":[3],"1":[1],"2":[3],"3":[7],"4":[2],"5":[2],"6":[1],"7":[1]},"fnMap":{"0":{"name":"info","decl":{"start":{"line":7,"column":8},"end":{"line":7,"column":90}},"loc":{"start":{"line":7,"column":8},"end":{"line":7,"column":90}},"line":7},"1":{"name":"warning","decl":{"start":{"line":9,"column":11},"end":{"line":9,"column":100}},"loc":{"start":{"line":9,"column":11},"end":{"line":9,"column":100}},"line":9},"2":{"name":"success","decl":{"start":{"line":11,"column":11},"end":{"line":11,"column":98}},"loc":{"start":{"line":11,"column":11},"end":{"line":11,"column":98}},"line":11},"3":{"name":"error","decl":{"start":{"line":13,"column":9},"end":{"line":20,"column":4}},"loc":{"start":{"line":13,"column":9},"end":{"line":20,"column":4}},"line":13},"4":{"name":"verbose","decl":{"start":{"line":22,"column":11},"end":{"line":29,"column":4}},"loc":{"start":{"line":22,"column":11},"end":{"line":29,"column":4}},"line":22},"5":{"name":"debug","decl":{"start":{"line":31,"column":9},"end":{"line":40,"column":4}},"loc":{"start":{"line":31,"column":9},"end":{"line":40,"column":4}},"line":31}},"f":{"0":3,"1":1,"2":3,"3":7,"4":2,"5":1}}
}
