{"/Users/code/work/yoStar/yo-auto-i18n/packages/core/src/config/config.ts": {"path":"/Users/code/work/yoStar/yo-auto-i18n/packages/core/src/config/config.ts","all":false,"statementMap":{"0":{"start":{"line":1,"column":0},"end":{"line":1,"column":23}},"1":{"start":{"line":2,"column":0},"end":{"line":2,"column":45}},"2":{"start":{"line":3,"column":0},"end":{"line":3,"column":59}},"3":{"start":{"line":4,"column":0},"end":{"line":4,"column":30}},"4":{"start":{"line":5,"column":0},"end":{"line":5,"column":38}},"5":{"start":{"line":6,"column":0},"end":{"line":6,"column":45}},"6":{"start":{"line":7,"column":0},"end":{"line":7,"column":51}},"7":{"start":{"line":8,"column":0},"end":{"line":8,"column":0}},"8":{"start":{"line":9,"column":0},"end":{"line":9,"column":73}},"9":{"start":{"line":10,"column":0},"end":{"line":10,"column":51}},"10":{"start":{"line":11,"column":0},"end":{"line":11,"column":75}},"11":{"start":{"line":12,"column":0},"end":{"line":12,"column":0}},"12":{"start":{"line":13,"column":0},"end":{"line":13,"column":22}},"13":{"start":{"line":14,"column":0},"end":{"line":14,"column":92}},"14":{"start":{"line":15,"column":0},"end":{"line":15,"column":0}},"15":{"start":{"line":16,"column":0},"end":{"line":16,"column":23}},"16":{"start":{"line":17,"column":0},"end":{"line":17,"column":1}},"17":{"start":{"line":18,"column":0},"end":{"line":18,"column":0}},"18":{"start":{"line":19,"column":0},"end":{"line":19,"column":30}},"19":{"start":{"line":20,"column":0},"end":{"line":20,"column":42}},"20":{"start":{"line":21,"column":0},"end":{"line":21,"column":0}},"21":{"start":{"line":22,"column":0},"end":{"line":22,"column":28}},"22":{"start":{"line":23,"column":0},"end":{"line":23,"column":21}},"23":{"start":{"line":24,"column":0},"end":{"line":24,"column":23}},"24":{"start":{"line":25,"column":0},"end":{"line":25,"column":5}},"25":{"start":{"line":26,"column":0},"end":{"line":26,"column":10}},"26":{"start":{"line":27,"column":0},"end":{"line":27,"column":78}},"27":{"start":{"line":28,"column":0},"end":{"line":28,"column":23}},"28":{"start":{"line":29,"column":0},"end":{"line":29,"column":5}},"29":{"start":{"line":30,"column":0},"end":{"line":30,"column":3}},"30":{"start":{"line":31,"column":0},"end":{"line":31,"column":4}},"31":{"start":{"line":32,"column":0},"end":{"line":32,"column":0}},"32":{"start":{"line":33,"column":0},"end":{"line":33,"column":25}},"33":{"start":{"line":34,"column":0},"end":{"line":34,"column":24}},"34":{"start":{"line":35,"column":0},"end":{"line":35,"column":28}},"35":{"start":{"line":36,"column":0},"end":{"line":36,"column":6}},"36":{"start":{"line":37,"column":0},"end":{"line":37,"column":36}},"37":{"start":{"line":38,"column":0},"end":{"line":38,"column":0}},"38":{"start":{"line":39,"column":0},"end":{"line":39,"column":37}},"39":{"start":{"line":40,"column":0},"end":{"line":40,"column":0}},"40":{"start":{"line":41,"column":0},"end":{"line":41,"column":60}},"41":{"start":{"line":42,"column":0},"end":{"line":42,"column":0}},"42":{"start":{"line":43,"column":0},"end":{"line":43,"column":39}},"43":{"start":{"line":44,"column":0},"end":{"line":44,"column":24}},"44":{"start":{"line":45,"column":0},"end":{"line":45,"column":31}},"45":{"start":{"line":46,"column":0},"end":{"line":46,"column":40}},"46":{"start":{"line":47,"column":0},"end":{"line":47,"column":23}},"47":{"start":{"line":48,"column":0},"end":{"line":48,"column":28}},"48":{"start":{"line":49,"column":0},"end":{"line":49,"column":11}},"49":{"start":{"line":50,"column":0},"end":{"line":50,"column":20}},"50":{"start":{"line":51,"column":0},"end":{"line":51,"column":23}},"51":{"start":{"line":52,"column":0},"end":{"line":52,"column":12}},"52":{"start":{"line":53,"column":0},"end":{"line":53,"column":9}},"53":{"start":{"line":54,"column":0},"end":{"line":54,"column":13}},"54":{"start":{"line":55,"column":0},"end":{"line":55,"column":7}},"55":{"start":{"line":56,"column":0},"end":{"line":56,"column":5}},"56":{"start":{"line":57,"column":0},"end":{"line":57,"column":18}},"57":{"start":{"line":58,"column":0},"end":{"line":58,"column":103}},"58":{"start":{"line":59,"column":0},"end":{"line":59,"column":24}},"59":{"start":{"line":60,"column":0},"end":{"line":60,"column":3}},"60":{"start":{"line":61,"column":0},"end":{"line":61,"column":72}},"61":{"start":{"line":62,"column":0},"end":{"line":62,"column":62}},"62":{"start":{"line":63,"column":0},"end":{"line":63,"column":89}},"63":{"start":{"line":64,"column":0},"end":{"line":64,"column":81}},"64":{"start":{"line":65,"column":0},"end":{"line":65,"column":3}},"65":{"start":{"line":66,"column":0},"end":{"line":66,"column":8}},"66":{"start":{"line":67,"column":0},"end":{"line":67,"column":31}},"67":{"start":{"line":68,"column":0},"end":{"line":68,"column":60}},"68":{"start":{"line":69,"column":0},"end":{"line":69,"column":32}},"69":{"start":{"line":70,"column":0},"end":{"line":70,"column":13}},"70":{"start":{"line":71,"column":0},"end":{"line":71,"column":7}},"71":{"start":{"line":72,"column":0},"end":{"line":72,"column":5}},"72":{"start":{"line":73,"column":0},"end":{"line":73,"column":27}},"73":{"start":{"line":74,"column":0},"end":{"line":74,"column":97}},"74":{"start":{"line":75,"column":0},"end":{"line":75,"column":24}},"75":{"start":{"line":76,"column":0},"end":{"line":76,"column":3}},"76":{"start":{"line":77,"column":0},"end":{"line":77,"column":0}},"77":{"start":{"line":78,"column":0},"end":{"line":78,"column":10}},"78":{"start":{"line":79,"column":0},"end":{"line":79,"column":17}},"79":{"start":{"line":80,"column":0},"end":{"line":80,"column":19}},"80":{"start":{"line":81,"column":0},"end":{"line":81,"column":3}},"81":{"start":{"line":82,"column":0},"end":{"line":82,"column":1}},"82":{"start":{"line":83,"column":0},"end":{"line":83,"column":73}},"83":{"start":{"line":84,"column":0},"end":{"line":84,"column":30}},"84":{"start":{"line":85,"column":0},"end":{"line":85,"column":16}},"85":{"start":{"line":86,"column":0},"end":{"line":86,"column":36}},"86":{"start":{"line":87,"column":0},"end":{"line":87,"column":0}},"87":{"start":{"line":88,"column":0},"end":{"line":88,"column":60}},"88":{"start":{"line":89,"column":0},"end":{"line":89,"column":1}},"89":{"start":{"line":90,"column":0},"end":{"line":90,"column":0}},"90":{"start":{"line":91,"column":0},"end":{"line":91,"column":56}},"91":{"start":{"line":92,"column":0},"end":{"line":92,"column":36}},"92":{"start":{"line":93,"column":0},"end":{"line":93,"column":47}},"93":{"start":{"line":94,"column":0},"end":{"line":94,"column":1}},"94":{"start":{"line":95,"column":0},"end":{"line":95,"column":0}},"95":{"start":{"line":96,"column":0},"end":{"line":96,"column":48}},"96":{"start":{"line":97,"column":0},"end":{"line":97,"column":36}},"97":{"start":{"line":98,"column":0},"end":{"line":98,"column":69}},"98":{"start":{"line":99,"column":0},"end":{"line":99,"column":1}},"99":{"start":{"line":100,"column":0},"end":{"line":100,"column":0}},"100":{"start":{"line":101,"column":0},"end":{"line":101,"column":83}}},"s":{"0":1,"1":1,"2":1,"3":1,"4":1,"5":1,"6":1,"7":1,"8":1,"9":1,"10":1,"11":1,"12":1,"13":1,"14":1,"15":1,"16":1,"17":1,"18":1,"19":1,"20":1,"21":1,"22":1,"23":0,"24":0,"25":1,"26":1,"27":1,"28":1,"29":1,"30":1,"31":1,"32":1,"33":0,"34":0,"35":0,"36":0,"37":0,"38":0,"39":0,"40":0,"41":0,"42":0,"43":0,"44":0,"45":0,"46":0,"47":0,"48":0,"49":0,"50":0,"51":0,"52":0,"53":0,"54":0,"55":0,"56":0,"57":0,"58":0,"59":0,"60":0,"61":0,"62":0,"63":0,"64":0,"65":0,"66":0,"67":0,"68":0,"69":0,"70":0,"71":0,"72":0,"73":0,"74":0,"75":0,"76":0,"77":0,"78":0,"79":0,"80":0,"81":0,"82":1,"83":0,"84":0,"85":0,"86":0,"87":0,"88":0,"89":1,"90":1,"91":0,"92":0,"93":0,"94":1,"95":1,"96":0,"97":0,"98":0,"99":1,"100":1},"branchMap":{"0":{"type":"branch","line":9,"loc":{"start":{"line":9,"column":28},"end":{"line":17,"column":1}},"locations":[{"start":{"line":9,"column":28},"end":{"line":17,"column":1}}]},"1":{"type":"branch","line":11,"loc":{"start":{"line":11,"column":17},"end":{"line":11,"column":58}},"locations":[{"start":{"line":11,"column":17},"end":{"line":11,"column":58}}]},"2":{"type":"branch","line":13,"loc":{"start":{"line":13,"column":7},"end":{"line":13,"column":22}},"locations":[{"start":{"line":13,"column":7},"end":{"line":13,"column":22}}]},"3":{"type":"branch","line":16,"loc":{"start":{"line":16,"column":9},"end":{"line":16,"column":23}},"locations":[{"start":{"line":16,"column":9},"end":{"line":16,"column":23}}]},"4":{"type":"branch","line":19,"loc":{"start":{"line":19,"column":23},"end":{"line":31,"column":3}},"locations":[{"start":{"line":19,"column":23},"end":{"line":31,"column":3}}]},"5":{"type":"branch","line":22,"loc":{"start":{"line":22,"column":9},"end":{"line":30,"column":3}},"locations":[{"start":{"line":22,"column":9},"end":{"line":30,"column":3}}]},"6":{"type":"branch","line":23,"loc":{"start":{"line":23,"column":20},"end":{"line":25,"column":5}},"locations":[{"start":{"line":23,"column":20},"end":{"line":25,"column":5}}]}},"b":{"0":[1],"1":[0],"2":[0],"3":[0],"4":[1],"5":[1],"6":[0]},"fnMap":{"0":{"name":"readLocalAutoConfig","decl":{"start":{"line":9,"column":28},"end":{"line":17,"column":1}},"loc":{"start":{"line":9,"column":28},"end":{"line":17,"column":1}},"line":9},"1":{"name":"getJsonPath","decl":{"start":{"line":33,"column":20},"end":{"line":82,"column":1}},"loc":{"start":{"line":33,"column":20},"end":{"line":82,"column":1}},"line":33},"2":{"name":"isUnTransed","decl":{"start":{"line":83,"column":20},"end":{"line":89,"column":1}},"loc":{"start":{"line":83,"column":20},"end":{"line":89,"column":1}},"line":83},"3":{"name":"unTransLocale","decl":{"start":{"line":91,"column":22},"end":{"line":94,"column":1}},"loc":{"start":{"line":91,"column":22},"end":{"line":94,"column":1}},"line":91},"4":{"name":"getOutputFileDir","decl":{"start":{"line":96,"column":25},"end":{"line":99,"column":1}},"loc":{"start":{"line":96,"column":25},"end":{"line":99,"column":1}},"line":96},"5":{"name":"get","decl":{"start":{"line":101,"column":65},"end":{"line":101,"column":83}},"loc":{"start":{"line":101,"column":65},"end":{"line":101,"column":83}},"line":101}},"f":{"0":1,"1":0,"2":0,"3":0,"4":0,"5":0}}
,"/Users/code/work/yoStar/yo-auto-i18n/packages/core/src/config/constants.ts": {"path":"/Users/code/work/yoStar/yo-auto-i18n/packages/core/src/config/constants.ts","all":false,"statementMap":{"0":{"start":{"line":1,"column":0},"end":{"line":1,"column":40}},"1":{"start":{"line":2,"column":0},"end":{"line":2,"column":0}},"2":{"start":{"line":3,"column":0},"end":{"line":3,"column":37}},"3":{"start":{"line":4,"column":0},"end":{"line":4,"column":0}},"4":{"start":{"line":5,"column":0},"end":{"line":5,"column":39}},"5":{"start":{"line":6,"column":0},"end":{"line":6,"column":0}},"6":{"start":{"line":7,"column":0},"end":{"line":7,"column":50}}},"s":{"0":1,"1":1,"2":1,"3":1,"4":1,"5":1,"6":1},"branchMap":{"0":{"type":"branch","line":1,"loc":{"start":{"line":1,"column":26},"end":{"line":1,"column":40}},"locations":[{"start":{"line":1,"column":26},"end":{"line":1,"column":40}}]},"1":{"type":"branch","line":3,"loc":{"start":{"line":3,"column":31},"end":{"line":3,"column":37}},"locations":[{"start":{"line":3,"column":31},"end":{"line":3,"column":37}}]}},"b":{"0":[12],"1":[2]},"fnMap":{"0":{"name":"get","decl":{"start":{"line":1,"column":26},"end":{"line":1,"column":40}},"loc":{"start":{"line":1,"column":26},"end":{"line":1,"column":40}},"line":1},"1":{"name":"get","decl":{"start":{"line":3,"column":31},"end":{"line":3,"column":37}},"loc":{"start":{"line":3,"column":31},"end":{"line":3,"column":37}},"line":3},"2":{"name":"get","decl":{"start":{"line":5,"column":34},"end":{"line":5,"column":39}},"loc":{"start":{"line":5,"column":34},"end":{"line":5,"column":39}},"line":5},"3":{"name":"get","decl":{"start":{"line":7,"column":29},"end":{"line":7,"column":50}},"loc":{"start":{"line":7,"column":29},"end":{"line":7,"column":50}},"line":7}},"f":{"0":12,"1":2,"2":0,"3":0}}
,"/Users/code/work/yoStar/yo-auto-i18n/packages/core/src/config/defaultAutoConfig.ts": {"path":"/Users/code/work/yoStar/yo-auto-i18n/packages/core/src/config/defaultAutoConfig.ts","all":false,"statementMap":{"0":{"start":{"line":1,"column":0},"end":{"line":1,"column":56}},"1":{"start":{"line":2,"column":0},"end":{"line":2,"column":0}},"2":{"start":{"line":3,"column":0},"end":{"line":3,"column":51}},"3":{"start":{"line":4,"column":0},"end":{"line":4,"column":10}},"4":{"start":{"line":5,"column":0},"end":{"line":5,"column":20}},"5":{"start":{"line":6,"column":0},"end":{"line":6,"column":25}},"6":{"start":{"line":7,"column":0},"end":{"line":7,"column":52}},"7":{"start":{"line":8,"column":0},"end":{"line":8,"column":61}},"8":{"start":{"line":9,"column":0},"end":{"line":9,"column":3}},"9":{"start":{"line":10,"column":0},"end":{"line":10,"column":1}},"10":{"start":{"line":11,"column":0},"end":{"line":11,"column":0}},"11":{"start":{"line":12,"column":0},"end":{"line":12,"column":39}},"12":{"start":{"line":13,"column":0},"end":{"line":13,"column":42}},"13":{"start":{"line":14,"column":0},"end":{"line":14,"column":14}},"14":{"start":{"line":15,"column":0},"end":{"line":15,"column":17}},"15":{"start":{"line":16,"column":0},"end":{"line":16,"column":38}},"16":{"start":{"line":17,"column":0},"end":{"line":17,"column":38}},"17":{"start":{"line":18,"column":0},"end":{"line":18,"column":4}},"18":{"start":{"line":19,"column":0},"end":{"line":19,"column":53}},"19":{"start":{"line":20,"column":0},"end":{"line":20,"column":22}},"20":{"start":{"line":21,"column":0},"end":{"line":21,"column":52}},"21":{"start":{"line":22,"column":0},"end":{"line":22,"column":18}},"22":{"start":{"line":23,"column":0},"end":{"line":23,"column":32}},"23":{"start":{"line":24,"column":0},"end":{"line":24,"column":32}},"24":{"start":{"line":25,"column":0},"end":{"line":25,"column":33}},"25":{"start":{"line":26,"column":0},"end":{"line":26,"column":33}},"26":{"start":{"line":27,"column":0},"end":{"line":27,"column":33}},"27":{"start":{"line":28,"column":0},"end":{"line":28,"column":33}},"28":{"start":{"line":29,"column":0},"end":{"line":29,"column":33}},"29":{"start":{"line":30,"column":0},"end":{"line":30,"column":4}},"30":{"start":{"line":31,"column":0},"end":{"line":31,"column":28}},"31":{"start":{"line":32,"column":0},"end":{"line":32,"column":20}},"32":{"start":{"line":33,"column":0},"end":{"line":33,"column":60}},"33":{"start":{"line":34,"column":0},"end":{"line":34,"column":21}},"34":{"start":{"line":35,"column":0},"end":{"line":35,"column":19}},"35":{"start":{"line":36,"column":0},"end":{"line":36,"column":23}},"36":{"start":{"line":37,"column":0},"end":{"line":37,"column":19}},"37":{"start":{"line":38,"column":0},"end":{"line":38,"column":4}},"38":{"start":{"line":39,"column":0},"end":{"line":39,"column":1}},"39":{"start":{"line":40,"column":0},"end":{"line":40,"column":0}},"40":{"start":{"line":41,"column":0},"end":{"line":41,"column":32}}},"s":{"0":1,"1":1,"2":1,"3":7,"4":7,"5":7,"6":7,"7":7,"8":7,"9":7,"10":1,"11":1,"12":1,"13":1,"14":1,"15":1,"16":0,"17":0,"18":1,"19":1,"20":1,"21":1,"22":1,"23":1,"24":1,"25":1,"26":1,"27":1,"28":1,"29":1,"30":1,"31":1,"32":1,"33":1,"34":1,"35":1,"36":1,"37":1,"38":1,"39":1,"40":1},"branchMap":{"0":{"type":"branch","line":3,"loc":{"start":{"line":3,"column":50},"end":{"line":10,"column":1}},"locations":[{"start":{"line":3,"column":50},"end":{"line":10,"column":1}}]}},"b":{"0":[7]},"fnMap":{"0":{"name":"getCommonI18nCallRule","decl":{"start":{"line":3,"column":50},"end":{"line":10,"column":1}},"loc":{"start":{"line":3,"column":50},"end":{"line":10,"column":1}},"line":3},"1":{"name":"untransSymbol","decl":{"start":{"line":16,"column":17},"end":{"line":18,"column":4}},"loc":{"start":{"line":16,"column":17},"end":{"line":18,"column":4}},"line":16}},"f":{"0":7,"1":0}}
,"/Users/code/work/yoStar/yo-auto-i18n/packages/core/src/utils/excel.ts": {"path":"/Users/code/work/yoStar/yo-auto-i18n/packages/core/src/utils/excel.ts","all":false,"statementMap":{"0":{"start":{"line":1,"column":0},"end":{"line":1,"column":19}},"1":{"start":{"line":2,"column":0},"end":{"line":2,"column":42}},"2":{"start":{"line":3,"column":0},"end":{"line":3,"column":28}},"3":{"start":{"line":4,"column":0},"end":{"line":4,"column":23}},"4":{"start":{"line":5,"column":0},"end":{"line":5,"column":0}},"5":{"start":{"line":6,"column":0},"end":{"line":6,"column":23}},"6":{"start":{"line":7,"column":0},"end":{"line":7,"column":24}},"7":{"start":{"line":8,"column":0},"end":{"line":8,"column":25}},"8":{"start":{"line":9,"column":0},"end":{"line":9,"column":28}},"9":{"start":{"line":10,"column":0},"end":{"line":10,"column":24}},"10":{"start":{"line":11,"column":0},"end":{"line":11,"column":6}},"11":{"start":{"line":12,"column":0},"end":{"line":12,"column":38}},"12":{"start":{"line":13,"column":0},"end":{"line":13,"column":0}},"13":{"start":{"line":14,"column":0},"end":{"line":14,"column":49}},"14":{"start":{"line":15,"column":0},"end":{"line":15,"column":15}},"15":{"start":{"line":16,"column":0},"end":{"line":16,"column":28}},"16":{"start":{"line":17,"column":0},"end":{"line":17,"column":46}},"17":{"start":{"line":18,"column":0},"end":{"line":18,"column":18}},"18":{"start":{"line":19,"column":0},"end":{"line":19,"column":6}},"19":{"start":{"line":20,"column":0},"end":{"line":20,"column":3}},"20":{"start":{"line":21,"column":0},"end":{"line":21,"column":0}},"21":{"start":{"line":22,"column":0},"end":{"line":22,"column":33}},"22":{"start":{"line":23,"column":0},"end":{"line":23,"column":0}},"23":{"start":{"line":24,"column":0},"end":{"line":24,"column":7}},"24":{"start":{"line":25,"column":0},"end":{"line":25,"column":43}},"25":{"start":{"line":26,"column":0},"end":{"line":26,"column":59}},"26":{"start":{"line":27,"column":0},"end":{"line":27,"column":3}},"27":{"start":{"line":28,"column":0},"end":{"line":28,"column":17}},"28":{"start":{"line":29,"column":0},"end":{"line":29,"column":43}},"29":{"start":{"line":30,"column":0},"end":{"line":30,"column":3}},"30":{"start":{"line":31,"column":0},"end":{"line":31,"column":1}},"31":{"start":{"line":32,"column":0},"end":{"line":32,"column":0}},"32":{"start":{"line":33,"column":0},"end":{"line":33,"column":44}},"33":{"start":{"line":34,"column":0},"end":{"line":34,"column":32}},"34":{"start":{"line":35,"column":0},"end":{"line":35,"column":36}},"35":{"start":{"line":36,"column":0},"end":{"line":36,"column":19}},"36":{"start":{"line":37,"column":0},"end":{"line":37,"column":18}},"37":{"start":{"line":38,"column":0},"end":{"line":38,"column":22}},"38":{"start":{"line":39,"column":0},"end":{"line":39,"column":7}},"39":{"start":{"line":40,"column":0},"end":{"line":40,"column":3}},"40":{"start":{"line":41,"column":0},"end":{"line":41,"column":8}},"41":{"start":{"line":42,"column":0},"end":{"line":42,"column":39}},"42":{"start":{"line":43,"column":0},"end":{"line":43,"column":3}},"43":{"start":{"line":44,"column":0},"end":{"line":44,"column":1}},"44":{"start":{"line":45,"column":0},"end":{"line":45,"column":0}},"45":{"start":{"line":46,"column":0},"end":{"line":46,"column":38}}},"s":{"0":1,"1":1,"2":1,"3":1,"4":1,"5":1,"6":2,"7":2,"8":2,"9":2,"10":2,"11":2,"12":2,"13":2,"14":4,"15":4,"16":4,"17":4,"18":4,"19":4,"20":2,"21":2,"22":2,"23":2,"24":2,"25":2,"26":2,"27":1,"28":1,"29":1,"30":2,"31":1,"32":1,"33":2,"34":1,"35":1,"36":1,"37":1,"38":1,"39":1,"40":1,"41":1,"42":1,"43":2,"44":1,"45":1},"branchMap":{"0":{"type":"branch","line":6,"loc":{"start":{"line":6,"column":22},"end":{"line":31,"column":1}},"locations":[{"start":{"line":6,"column":22},"end":{"line":31,"column":1}}]},"1":{"type":"branch","line":14,"loc":{"start":{"line":14,"column":48},"end":{"line":20,"column":3}},"locations":[{"start":{"line":14,"column":48},"end":{"line":20,"column":3}}]},"2":{"type":"branch","line":27,"loc":{"start":{"line":27,"column":2},"end":{"line":30,"column":3}},"locations":[{"start":{"line":27,"column":2},"end":{"line":30,"column":3}}]},"3":{"type":"branch","line":33,"loc":{"start":{"line":33,"column":21},"end":{"line":44,"column":1}},"locations":[{"start":{"line":33,"column":21},"end":{"line":44,"column":1}}]},"4":{"type":"branch","line":34,"loc":{"start":{"line":34,"column":31},"end":{"line":43,"column":3}},"locations":[{"start":{"line":34,"column":31},"end":{"line":43,"column":3}}]},"5":{"type":"branch","line":46,"loc":{"start":{"line":46,"column":24},"end":{"line":46,"column":38}},"locations":[{"start":{"line":46,"column":24},"end":{"line":46,"column":38}}]}},"b":{"0":[2],"1":[4],"2":[1],"3":[2],"4":[1],"5":[2]},"fnMap":{"0":{"name":"writeXlsxFile","decl":{"start":{"line":6,"column":22},"end":{"line":31,"column":1}},"loc":{"start":{"line":6,"column":22},"end":{"line":31,"column":1}},"line":6},"1":{"name":"readXlsxFile","decl":{"start":{"line":33,"column":21},"end":{"line":44,"column":1}},"loc":{"start":{"line":33,"column":21},"end":{"line":44,"column":1}},"line":33},"2":{"name":"get","decl":{"start":{"line":46,"column":24},"end":{"line":46,"column":38}},"loc":{"start":{"line":46,"column":24},"end":{"line":46,"column":38}},"line":46}},"f":{"0":2,"1":2,"2":2}}
,"/Users/code/work/yoStar/yo-auto-i18n/packages/core/src/utils/format.ts": {"path":"/Users/code/work/yoStar/yo-auto-i18n/packages/core/src/utils/format.ts","all":false,"statementMap":{"0":{"start":{"line":1,"column":0},"end":{"line":1,"column":19}},"1":{"start":{"line":2,"column":0},"end":{"line":2,"column":31}},"2":{"start":{"line":3,"column":0},"end":{"line":3,"column":23}},"3":{"start":{"line":4,"column":0},"end":{"line":4,"column":0}},"4":{"start":{"line":5,"column":0},"end":{"line":5,"column":52}},"5":{"start":{"line":6,"column":0},"end":{"line":6,"column":38}},"6":{"start":{"line":7,"column":0},"end":{"line":7,"column":29}},"7":{"start":{"line":8,"column":0},"end":{"line":8,"column":14}},"8":{"start":{"line":9,"column":0},"end":{"line":9,"column":4}},"9":{"start":{"line":10,"column":0},"end":{"line":10,"column":0}},"10":{"start":{"line":11,"column":0},"end":{"line":11,"column":50}},"11":{"start":{"line":12,"column":0},"end":{"line":12,"column":0}},"12":{"start":{"line":13,"column":0},"end":{"line":13,"column":51}},"13":{"start":{"line":14,"column":0},"end":{"line":14,"column":0}},"14":{"start":{"line":15,"column":0},"end":{"line":15,"column":46}},"15":{"start":{"line":16,"column":0},"end":{"line":16,"column":29}},"16":{"start":{"line":17,"column":0},"end":{"line":17,"column":32}},"17":{"start":{"line":18,"column":0},"end":{"line":18,"column":59}},"18":{"start":{"line":19,"column":0},"end":{"line":19,"column":8}},"19":{"start":{"line":20,"column":0},"end":{"line":20,"column":60}},"20":{"start":{"line":21,"column":0},"end":{"line":21,"column":3}},"21":{"start":{"line":22,"column":0},"end":{"line":22,"column":1}},"22":{"start":{"line":23,"column":0},"end":{"line":23,"column":0}},"23":{"start":{"line":24,"column":0},"end":{"line":24,"column":17}}},"s":{"0":1,"1":1,"2":1,"3":1,"4":1,"5":0,"6":0,"7":0,"8":0,"9":0,"10":0,"11":0,"12":0,"13":0,"14":0,"15":0,"16":0,"17":0,"18":0,"19":0,"20":0,"21":0,"22":1,"23":1},"branchMap":{},"b":{},"fnMap":{"0":{"name":"format","decl":{"start":{"line":5,"column":15},"end":{"line":22,"column":1}},"loc":{"start":{"line":5,"column":15},"end":{"line":22,"column":1}},"line":5},"1":{"name":"get","decl":{"start":{"line":24,"column":9},"end":{"line":24,"column":17}},"loc":{"start":{"line":24,"column":9},"end":{"line":24,"column":17}},"line":24}},"f":{"0":0,"1":0}}
,"/Users/code/work/yoStar/yo-auto-i18n/packages/core/src/utils/glob.ts": {"path":"/Users/code/work/yoStar/yo-auto-i18n/packages/core/src/utils/glob.ts","all":false,"statementMap":{"0":{"start":{"line":1,"column":0},"end":{"line":1,"column":38}},"1":{"start":{"line":2,"column":0},"end":{"line":2,"column":0}},"2":{"start":{"line":3,"column":0},"end":{"line":3,"column":23}},"3":{"start":{"line":4,"column":0},"end":{"line":4,"column":19}},"4":{"start":{"line":5,"column":0},"end":{"line":5,"column":26}},"5":{"start":{"line":6,"column":0},"end":{"line":6,"column":40}},"6":{"start":{"line":7,"column":0},"end":{"line":7,"column":23}},"7":{"start":{"line":8,"column":0},"end":{"line":8,"column":0}},"8":{"start":{"line":9,"column":0},"end":{"line":9,"column":28}},"9":{"start":{"line":10,"column":0},"end":{"line":10,"column":17}},"10":{"start":{"line":11,"column":0},"end":{"line":11,"column":46}},"11":{"start":{"line":12,"column":0},"end":{"line":12,"column":1}},"12":{"start":{"line":13,"column":0},"end":{"line":13,"column":0}},"13":{"start":{"line":14,"column":0},"end":{"line":14,"column":48}},"14":{"start":{"line":15,"column":0},"end":{"line":15,"column":59}},"15":{"start":{"line":16,"column":0},"end":{"line":16,"column":50}},"16":{"start":{"line":17,"column":0},"end":{"line":17,"column":35}},"17":{"start":{"line":18,"column":0},"end":{"line":18,"column":1}},"18":{"start":{"line":19,"column":0},"end":{"line":19,"column":0}},"19":{"start":{"line":20,"column":0},"end":{"line":20,"column":59}},"20":{"start":{"line":21,"column":0},"end":{"line":21,"column":81}},"21":{"start":{"line":22,"column":0},"end":{"line":22,"column":50}},"22":{"start":{"line":23,"column":0},"end":{"line":23,"column":30}},"23":{"start":{"line":24,"column":0},"end":{"line":24,"column":29}},"24":{"start":{"line":25,"column":0},"end":{"line":25,"column":1}},"25":{"start":{"line":26,"column":0},"end":{"line":26,"column":0}},"26":{"start":{"line":27,"column":0},"end":{"line":27,"column":47}},"27":{"start":{"line":28,"column":0},"end":{"line":28,"column":51}},"28":{"start":{"line":29,"column":0},"end":{"line":29,"column":59}},"29":{"start":{"line":30,"column":0},"end":{"line":30,"column":0}},"30":{"start":{"line":31,"column":0},"end":{"line":31,"column":38}},"31":{"start":{"line":32,"column":0},"end":{"line":32,"column":44}},"32":{"start":{"line":33,"column":0},"end":{"line":33,"column":13}},"33":{"start":{"line":34,"column":0},"end":{"line":34,"column":3}},"34":{"start":{"line":35,"column":0},"end":{"line":35,"column":0}},"35":{"start":{"line":36,"column":0},"end":{"line":36,"column":49}},"36":{"start":{"line":37,"column":0},"end":{"line":37,"column":30}},"37":{"start":{"line":38,"column":0},"end":{"line":38,"column":32}},"38":{"start":{"line":39,"column":0},"end":{"line":39,"column":0}},"39":{"start":{"line":40,"column":0},"end":{"line":40,"column":25}},"40":{"start":{"line":41,"column":0},"end":{"line":41,"column":46}},"41":{"start":{"line":42,"column":0},"end":{"line":42,"column":30}},"42":{"start":{"line":43,"column":0},"end":{"line":43,"column":16}},"43":{"start":{"line":44,"column":0},"end":{"line":44,"column":43}},"44":{"start":{"line":45,"column":0},"end":{"line":45,"column":44}},"45":{"start":{"line":46,"column":0},"end":{"line":46,"column":35}},"46":{"start":{"line":47,"column":0},"end":{"line":47,"column":45}},"47":{"start":{"line":48,"column":0},"end":{"line":48,"column":46}},"48":{"start":{"line":49,"column":0},"end":{"line":49,"column":33}},"49":{"start":{"line":50,"column":0},"end":{"line":50,"column":55}},"50":{"start":{"line":51,"column":0},"end":{"line":51,"column":32}},"51":{"start":{"line":52,"column":0},"end":{"line":52,"column":9}},"52":{"start":{"line":53,"column":0},"end":{"line":53,"column":7}},"53":{"start":{"line":54,"column":0},"end":{"line":54,"column":12}},"54":{"start":{"line":55,"column":0},"end":{"line":55,"column":23}},"55":{"start":{"line":56,"column":0},"end":{"line":56,"column":7}},"56":{"start":{"line":57,"column":0},"end":{"line":57,"column":5}},"57":{"start":{"line":58,"column":0},"end":{"line":58,"column":16}},"58":{"start":{"line":59,"column":0},"end":{"line":59,"column":3}},"59":{"start":{"line":60,"column":0},"end":{"line":60,"column":8}},"60":{"start":{"line":61,"column":0},"end":{"line":61,"column":26}},"61":{"start":{"line":62,"column":0},"end":{"line":62,"column":3}},"62":{"start":{"line":63,"column":0},"end":{"line":63,"column":1}},"63":{"start":{"line":64,"column":0},"end":{"line":64,"column":0}},"64":{"start":{"line":65,"column":0},"end":{"line":65,"column":44}}},"s":{"0":1,"1":1,"2":1,"3":1,"4":1,"5":1,"6":1,"7":1,"8":1,"9":1,"10":1,"11":1,"12":1,"13":1,"14":1,"15":9,"16":9,"17":9,"18":1,"19":1,"20":1,"21":6,"22":6,"23":6,"24":6,"25":1,"26":1,"27":1,"28":1,"29":1,"30":1,"31":0,"32":0,"33":0,"34":1,"35":1,"36":1,"37":1,"38":1,"39":1,"40":2,"41":2,"42":2,"43":2,"44":2,"45":2,"46":7,"47":7,"48":7,"49":1,"50":1,"51":7,"52":2,"53":0,"54":0,"55":0,"56":2,"57":1,"58":1,"59":0,"60":0,"61":0,"62":1,"63":1,"64":1},"branchMap":{"0":{"type":"branch","line":15,"loc":{"start":{"line":15,"column":15},"end":{"line":18,"column":1}},"locations":[{"start":{"line":15,"column":15},"end":{"line":18,"column":1}}]},"1":{"type":"branch","line":21,"loc":{"start":{"line":21,"column":24},"end":{"line":25,"column":1}},"locations":[{"start":{"line":21,"column":24},"end":{"line":25,"column":1}}]},"2":{"type":"branch","line":28,"loc":{"start":{"line":28,"column":17},"end":{"line":63,"column":1}},"locations":[{"start":{"line":28,"column":17},"end":{"line":63,"column":1}}]},"3":{"type":"branch","line":31,"loc":{"start":{"line":31,"column":37},"end":{"line":34,"column":3}},"locations":[{"start":{"line":31,"column":37},"end":{"line":34,"column":3}}]},"4":{"type":"branch","line":40,"loc":{"start":{"line":40,"column":24},"end":{"line":57,"column":5}},"locations":[{"start":{"line":40,"column":24},"end":{"line":57,"column":5}}]},"5":{"type":"branch","line":43,"loc":{"start":{"line":43,"column":8},"end":{"line":43,"column":16}},"locations":[{"start":{"line":43,"column":8},"end":{"line":43,"column":16}}]},"6":{"type":"branch","line":46,"loc":{"start":{"line":46,"column":34},"end":{"line":52,"column":9}},"locations":[{"start":{"line":46,"column":34},"end":{"line":52,"column":9}}]},"7":{"type":"branch","line":49,"loc":{"start":{"line":49,"column":12},"end":{"line":49,"column":33}},"locations":[{"start":{"line":49,"column":12},"end":{"line":49,"column":33}}]},"8":{"type":"branch","line":49,"loc":{"start":{"line":49,"column":32},"end":{"line":51,"column":32}},"locations":[{"start":{"line":49,"column":32},"end":{"line":51,"column":32}}]},"9":{"type":"branch","line":53,"loc":{"start":{"line":53,"column":6},"end":{"line":56,"column":7}},"locations":[{"start":{"line":53,"column":6},"end":{"line":56,"column":7}}]},"10":{"type":"branch","line":59,"loc":{"start":{"line":59,"column":2},"end":{"line":62,"column":3}},"locations":[{"start":{"line":59,"column":2},"end":{"line":62,"column":3}}]},"11":{"type":"branch","line":65,"loc":{"start":{"line":65,"column":27},"end":{"line":65,"column":44}},"locations":[{"start":{"line":65,"column":27},"end":{"line":65,"column":44}}]}},"b":{"0":[9],"1":[6],"2":[1],"3":[0],"4":[2],"5":[0],"6":[7],"7":[6],"8":[1],"9":[0],"10":[0],"11":[6]},"fnMap":{"0":{"name":"fgSync","decl":{"start":{"line":15,"column":15},"end":{"line":18,"column":1}},"loc":{"start":{"line":15,"column":15},"end":{"line":18,"column":1}},"line":15},"1":{"name":"checkInPatterns","decl":{"start":{"line":21,"column":24},"end":{"line":25,"column":1}},"loc":{"start":{"line":21,"column":24},"end":{"line":25,"column":1}},"line":21},"2":{"name":"getPaths","decl":{"start":{"line":28,"column":17},"end":{"line":63,"column":1}},"loc":{"start":{"line":28,"column":17},"end":{"line":63,"column":1}},"line":28},"3":{"name":"get","decl":{"start":{"line":65,"column":27},"end":{"line":65,"column":44}},"loc":{"start":{"line":65,"column":27},"end":{"line":65,"column":44}},"line":65}},"f":{"0":9,"1":6,"2":1,"3":6}}
,"/Users/code/work/yoStar/yo-auto-i18n/packages/core/src/utils/help.ts": {"path":"/Users/code/work/yoStar/yo-auto-i18n/packages/core/src/utils/help.ts","all":false,"statementMap":{"0":{"start":{"line":1,"column":0},"end":{"line":1,"column":23}},"1":{"start":{"line":2,"column":0},"end":{"line":2,"column":19}},"2":{"start":{"line":3,"column":0},"end":{"line":3,"column":48}},"3":{"start":{"line":4,"column":0},"end":{"line":4,"column":23}},"4":{"start":{"line":5,"column":0},"end":{"line":5,"column":40}},"5":{"start":{"line":6,"column":0},"end":{"line":6,"column":33}},"6":{"start":{"line":7,"column":0},"end":{"line":7,"column":0}},"7":{"start":{"line":8,"column":0},"end":{"line":8,"column":51}},"8":{"start":{"line":9,"column":0},"end":{"line":9,"column":38}},"9":{"start":{"line":10,"column":0},"end":{"line":10,"column":1}},"10":{"start":{"line":11,"column":0},"end":{"line":11,"column":0}},"11":{"start":{"line":12,"column":0},"end":{"line":12,"column":51}},"12":{"start":{"line":13,"column":0},"end":{"line":13,"column":25}},"13":{"start":{"line":14,"column":0},"end":{"line":14,"column":30}},"14":{"start":{"line":15,"column":0},"end":{"line":15,"column":23}},"15":{"start":{"line":16,"column":0},"end":{"line":16,"column":43}},"16":{"start":{"line":17,"column":0},"end":{"line":17,"column":72}},"17":{"start":{"line":18,"column":0},"end":{"line":18,"column":6}},"18":{"start":{"line":19,"column":0},"end":{"line":19,"column":72}},"19":{"start":{"line":20,"column":0},"end":{"line":20,"column":4}},"20":{"start":{"line":21,"column":0},"end":{"line":21,"column":0}},"21":{"start":{"line":22,"column":0},"end":{"line":22,"column":13}},"22":{"start":{"line":23,"column":0},"end":{"line":23,"column":1}},"23":{"start":{"line":24,"column":0},"end":{"line":24,"column":0}},"24":{"start":{"line":25,"column":0},"end":{"line":25,"column":53}},"25":{"start":{"line":26,"column":0},"end":{"line":26,"column":18}},"26":{"start":{"line":27,"column":0},"end":{"line":27,"column":18}},"27":{"start":{"line":28,"column":0},"end":{"line":28,"column":40}},"28":{"start":{"line":29,"column":0},"end":{"line":29,"column":31}},"29":{"start":{"line":30,"column":0},"end":{"line":30,"column":27}},"30":{"start":{"line":31,"column":0},"end":{"line":31,"column":15}},"31":{"start":{"line":32,"column":0},"end":{"line":32,"column":27}},"32":{"start":{"line":33,"column":0},"end":{"line":33,"column":14}},"33":{"start":{"line":34,"column":0},"end":{"line":34,"column":22}},"34":{"start":{"line":35,"column":0},"end":{"line":35,"column":46}},"35":{"start":{"line":36,"column":0},"end":{"line":36,"column":3}},"36":{"start":{"line":37,"column":0},"end":{"line":37,"column":11}},"37":{"start":{"line":38,"column":0},"end":{"line":38,"column":1}},"38":{"start":{"line":39,"column":0},"end":{"line":39,"column":0}},"39":{"start":{"line":40,"column":0},"end":{"line":40,"column":3}},"40":{"start":{"line":41,"column":0},"end":{"line":41,"column":59}},"41":{"start":{"line":42,"column":0},"end":{"line":42,"column":26}},"42":{"start":{"line":43,"column":0},"end":{"line":43,"column":13}},"43":{"start":{"line":44,"column":0},"end":{"line":44,"column":11}},"44":{"start":{"line":45,"column":0},"end":{"line":45,"column":3}},"45":{"start":{"line":46,"column":0},"end":{"line":46,"column":42}},"46":{"start":{"line":47,"column":0},"end":{"line":47,"column":11}},"47":{"start":{"line":48,"column":0},"end":{"line":48,"column":13}},"48":{"start":{"line":49,"column":0},"end":{"line":49,"column":19}},"49":{"start":{"line":50,"column":0},"end":{"line":50,"column":0}},"50":{"start":{"line":51,"column":0},"end":{"line":51,"column":55}},"51":{"start":{"line":52,"column":0},"end":{"line":52,"column":0}},"52":{"start":{"line":53,"column":0},"end":{"line":53,"column":27}},"53":{"start":{"line":54,"column":0},"end":{"line":54,"column":37}},"54":{"start":{"line":55,"column":0},"end":{"line":55,"column":38}},"55":{"start":{"line":56,"column":0},"end":{"line":56,"column":8}},"56":{"start":{"line":57,"column":0},"end":{"line":57,"column":23}},"57":{"start":{"line":58,"column":0},"end":{"line":58,"column":3}},"58":{"start":{"line":59,"column":0},"end":{"line":59,"column":10}},"59":{"start":{"line":60,"column":0},"end":{"line":60,"column":1}},"60":{"start":{"line":61,"column":0},"end":{"line":61,"column":0}},"61":{"start":{"line":62,"column":0},"end":{"line":62,"column":31}},"62":{"start":{"line":63,"column":0},"end":{"line":63,"column":22}},"63":{"start":{"line":64,"column":0},"end":{"line":64,"column":15}},"64":{"start":{"line":65,"column":0},"end":{"line":65,"column":14}},"65":{"start":{"line":66,"column":0},"end":{"line":66,"column":6}},"66":{"start":{"line":67,"column":0},"end":{"line":67,"column":57}},"67":{"start":{"line":68,"column":0},"end":{"line":68,"column":36}},"68":{"start":{"line":69,"column":0},"end":{"line":69,"column":93}},"69":{"start":{"line":70,"column":0},"end":{"line":70,"column":0}},"70":{"start":{"line":71,"column":0},"end":{"line":71,"column":85}},"71":{"start":{"line":72,"column":0},"end":{"line":72,"column":26}},"72":{"start":{"line":73,"column":0},"end":{"line":73,"column":1}},"73":{"start":{"line":74,"column":0},"end":{"line":74,"column":0}},"74":{"start":{"line":75,"column":0},"end":{"line":75,"column":3}},"75":{"start":{"line":76,"column":0},"end":{"line":76,"column":36}},"76":{"start":{"line":77,"column":0},"end":{"line":77,"column":3}},"77":{"start":{"line":78,"column":0},"end":{"line":78,"column":50}},"78":{"start":{"line":79,"column":0},"end":{"line":79,"column":17}},"79":{"start":{"line":80,"column":0},"end":{"line":80,"column":14}},"80":{"start":{"line":81,"column":0},"end":{"line":81,"column":52}},"81":{"start":{"line":82,"column":0},"end":{"line":82,"column":0}},"82":{"start":{"line":83,"column":0},"end":{"line":83,"column":16}},"83":{"start":{"line":84,"column":0},"end":{"line":84,"column":0}},"84":{"start":{"line":85,"column":0},"end":{"line":85,"column":49}},"85":{"start":{"line":86,"column":0},"end":{"line":86,"column":20}},"86":{"start":{"line":87,"column":0},"end":{"line":87,"column":0}},"87":{"start":{"line":88,"column":0},"end":{"line":88,"column":24}},"88":{"start":{"line":89,"column":0},"end":{"line":89,"column":30}},"89":{"start":{"line":90,"column":0},"end":{"line":90,"column":0}},"90":{"start":{"line":91,"column":0},"end":{"line":91,"column":41}},"91":{"start":{"line":92,"column":0},"end":{"line":92,"column":23}},"92":{"start":{"line":93,"column":0},"end":{"line":93,"column":8}},"93":{"start":{"line":94,"column":0},"end":{"line":94,"column":22}},"94":{"start":{"line":95,"column":0},"end":{"line":95,"column":3}},"95":{"start":{"line":96,"column":0},"end":{"line":96,"column":13}},"96":{"start":{"line":97,"column":0},"end":{"line":97,"column":1}},"97":{"start":{"line":98,"column":0},"end":{"line":98,"column":0}},"98":{"start":{"line":99,"column":0},"end":{"line":99,"column":63}},"99":{"start":{"line":100,"column":0},"end":{"line":100,"column":52}},"100":{"start":{"line":101,"column":0},"end":{"line":101,"column":0}},"101":{"start":{"line":102,"column":0},"end":{"line":102,"column":25}},"102":{"start":{"line":103,"column":0},"end":{"line":103,"column":10}},"103":{"start":{"line":104,"column":0},"end":{"line":104,"column":0}},"104":{"start":{"line":105,"column":0},"end":{"line":105,"column":16}},"105":{"start":{"line":106,"column":0},"end":{"line":106,"column":28}},"106":{"start":{"line":107,"column":0},"end":{"line":107,"column":30}},"107":{"start":{"line":108,"column":0},"end":{"line":108,"column":0}},"108":{"start":{"line":109,"column":0},"end":{"line":109,"column":15}},"109":{"start":{"line":110,"column":0},"end":{"line":110,"column":35}},"110":{"start":{"line":111,"column":0},"end":{"line":111,"column":23}},"111":{"start":{"line":112,"column":0},"end":{"line":112,"column":0}},"112":{"start":{"line":113,"column":0},"end":{"line":113,"column":23}},"113":{"start":{"line":114,"column":0},"end":{"line":114,"column":37}},"114":{"start":{"line":115,"column":0},"end":{"line":115,"column":53}},"115":{"start":{"line":116,"column":0},"end":{"line":116,"column":14}},"116":{"start":{"line":117,"column":0},"end":{"line":117,"column":7}},"117":{"start":{"line":118,"column":0},"end":{"line":118,"column":5}},"118":{"start":{"line":119,"column":0},"end":{"line":119,"column":3}},"119":{"start":{"line":120,"column":0},"end":{"line":120,"column":22}},"120":{"start":{"line":121,"column":0},"end":{"line":121,"column":1}},"121":{"start":{"line":122,"column":0},"end":{"line":122,"column":0}},"122":{"start":{"line":123,"column":0},"end":{"line":123,"column":31}},"123":{"start":{"line":124,"column":0},"end":{"line":124,"column":48}},"124":{"start":{"line":125,"column":0},"end":{"line":125,"column":28}},"125":{"start":{"line":126,"column":0},"end":{"line":126,"column":0}},"126":{"start":{"line":127,"column":0},"end":{"line":127,"column":39}},"127":{"start":{"line":128,"column":0},"end":{"line":128,"column":37}},"128":{"start":{"line":129,"column":0},"end":{"line":129,"column":56}},"129":{"start":{"line":130,"column":0},"end":{"line":130,"column":70}},"130":{"start":{"line":131,"column":0},"end":{"line":131,"column":77}},"131":{"start":{"line":132,"column":0},"end":{"line":132,"column":10}},"132":{"start":{"line":133,"column":0},"end":{"line":133,"column":78}},"133":{"start":{"line":134,"column":0},"end":{"line":134,"column":5}},"134":{"start":{"line":135,"column":0},"end":{"line":135,"column":14}},"135":{"start":{"line":136,"column":0},"end":{"line":136,"column":3}},"136":{"start":{"line":137,"column":0},"end":{"line":137,"column":26}},"137":{"start":{"line":138,"column":0},"end":{"line":138,"column":1}},"138":{"start":{"line":139,"column":0},"end":{"line":139,"column":0}},"139":{"start":{"line":140,"column":0},"end":{"line":140,"column":8}},"140":{"start":{"line":141,"column":0},"end":{"line":141,"column":18}},"141":{"start":{"line":142,"column":0},"end":{"line":142,"column":20}},"142":{"start":{"line":143,"column":0},"end":{"line":143,"column":16}},"143":{"start":{"line":144,"column":0},"end":{"line":144,"column":16}},"144":{"start":{"line":145,"column":0},"end":{"line":145,"column":16}},"145":{"start":{"line":146,"column":0},"end":{"line":146,"column":10}},"146":{"start":{"line":147,"column":0},"end":{"line":147,"column":17}},"147":{"start":{"line":148,"column":0},"end":{"line":148,"column":17}},"148":{"start":{"line":149,"column":0},"end":{"line":149,"column":1}}},"s":{"0":1,"1":1,"2":1,"3":1,"4":1,"5":1,"6":1,"7":1,"8":5,"9":5,"10":1,"11":1,"12":5,"13":5,"14":5,"15":5,"16":5,"17":5,"18":5,"19":5,"20":5,"21":5,"22":5,"23":1,"24":1,"25":45,"26":45,"27":45,"28":45,"29":73,"30":73,"31":73,"32":73,"33":69,"34":73,"35":73,"36":4,"37":4,"38":1,"39":1,"40":1,"41":1,"42":1,"43":1,"44":1,"45":1,"46":6,"47":6,"48":6,"49":6,"50":6,"51":6,"52":6,"53":18,"54":18,"55":15,"56":15,"57":18,"58":6,"59":6,"60":1,"61":1,"62":1,"63":1,"64":1,"65":1,"66":1,"67":1,"68":1,"69":1,"70":1,"71":1,"72":1,"73":1,"74":1,"75":1,"76":1,"77":1,"78":4,"79":4,"80":3,"81":3,"82":3,"83":3,"84":4,"85":4,"86":2,"87":4,"88":4,"89":4,"90":4,"91":4,"92":1,"93":1,"94":4,"95":1,"96":1,"97":1,"98":1,"99":3,"100":3,"101":3,"102":3,"103":3,"104":3,"105":3,"106":2,"107":2,"108":2,"109":2,"110":2,"111":2,"112":2,"113":2,"114":1,"115":1,"116":1,"117":2,"118":2,"119":2,"120":2,"121":1,"122":1,"123":3,"124":6,"125":6,"126":6,"127":10,"128":10,"129":4,"130":4,"131":1,"132":1,"133":10,"134":6,"135":6,"136":3,"137":3,"138":1,"139":1,"140":1,"141":1,"142":1,"143":1,"144":1,"145":1,"146":1,"147":1,"148":1},"branchMap":{"0":{"type":"branch","line":8,"loc":{"start":{"line":8,"column":23},"end":{"line":10,"column":1}},"locations":[{"start":{"line":8,"column":23},"end":{"line":10,"column":1}}]},"1":{"type":"branch","line":12,"loc":{"start":{"line":12,"column":23},"end":{"line":23,"column":1}},"locations":[{"start":{"line":12,"column":23},"end":{"line":23,"column":1}}]},"2":{"type":"branch","line":17,"loc":{"start":{"line":17,"column":25},"end":{"line":17,"column":55}},"locations":[{"start":{"line":17,"column":25},"end":{"line":17,"column":55}}]},"3":{"type":"branch","line":17,"loc":{"start":{"line":17,"column":49},"end":{"line":17,"column":72}},"locations":[{"start":{"line":17,"column":49},"end":{"line":17,"column":72}}]},"4":{"type":"branch","line":19,"loc":{"start":{"line":19,"column":25},"end":{"line":19,"column":55}},"locations":[{"start":{"line":19,"column":25},"end":{"line":19,"column":55}}]},"5":{"type":"branch","line":19,"loc":{"start":{"line":19,"column":49},"end":{"line":19,"column":72}},"locations":[{"start":{"line":19,"column":49},"end":{"line":19,"column":72}}]},"6":{"type":"branch","line":25,"loc":{"start":{"line":25,"column":26},"end":{"line":38,"column":1}},"locations":[{"start":{"line":25,"column":26},"end":{"line":38,"column":1}}]},"7":{"type":"branch","line":29,"loc":{"start":{"line":29,"column":30},"end":{"line":36,"column":3}},"locations":[{"start":{"line":29,"column":30},"end":{"line":36,"column":3}}]},"8":{"type":"branch","line":31,"loc":{"start":{"line":31,"column":6},"end":{"line":31,"column":15}},"locations":[{"start":{"line":31,"column":6},"end":{"line":31,"column":15}}]},"9":{"type":"branch","line":33,"loc":{"start":{"line":33,"column":6},"end":{"line":33,"column":14}},"locations":[{"start":{"line":33,"column":6},"end":{"line":33,"column":14}}]},"10":{"type":"branch","line":33,"loc":{"start":{"line":33,"column":13},"end":{"line":35,"column":13}},"locations":[{"start":{"line":33,"column":13},"end":{"line":35,"column":13}}]},"11":{"type":"branch","line":35,"loc":{"start":{"line":35,"column":6},"end":{"line":35,"column":46}},"locations":[{"start":{"line":35,"column":6},"end":{"line":35,"column":46}}]},"12":{"type":"branch","line":36,"loc":{"start":{"line":36,"column":2},"end":{"line":38,"column":1}},"locations":[{"start":{"line":36,"column":2},"end":{"line":38,"column":1}}]},"13":{"type":"branch","line":46,"loc":{"start":{"line":46,"column":22},"end":{"line":60,"column":1}},"locations":[{"start":{"line":46,"column":22},"end":{"line":60,"column":1}}]},"14":{"type":"branch","line":48,"loc":{"start":{"line":48,"column":4},"end":{"line":48,"column":13}},"locations":[{"start":{"line":48,"column":4},"end":{"line":48,"column":13}}]},"15":{"type":"branch","line":53,"loc":{"start":{"line":53,"column":26},"end":{"line":58,"column":3}},"locations":[{"start":{"line":53,"column":26},"end":{"line":58,"column":3}}]},"16":{"type":"branch","line":55,"loc":{"start":{"line":55,"column":6},"end":{"line":55,"column":38}},"locations":[{"start":{"line":55,"column":6},"end":{"line":55,"column":38}}]},"17":{"type":"branch","line":55,"loc":{"start":{"line":55,"column":37},"end":{"line":57,"column":23}},"locations":[{"start":{"line":55,"column":37},"end":{"line":57,"column":23}}]},"18":{"type":"branch","line":62,"loc":{"start":{"line":62,"column":24},"end":{"line":73,"column":1}},"locations":[{"start":{"line":62,"column":24},"end":{"line":73,"column":1}}]},"19":{"type":"branch","line":71,"loc":{"start":{"line":71,"column":17},"end":{"line":71,"column":85}},"locations":[{"start":{"line":71,"column":17},"end":{"line":71,"column":85}}]},"20":{"type":"branch","line":72,"loc":{"start":{"line":72,"column":4},"end":{"line":72,"column":26}},"locations":[{"start":{"line":72,"column":4},"end":{"line":72,"column":26}}]},"21":{"type":"branch","line":78,"loc":{"start":{"line":78,"column":22},"end":{"line":97,"column":1}},"locations":[{"start":{"line":78,"column":22},"end":{"line":97,"column":1}}]},"22":{"type":"branch","line":80,"loc":{"start":{"line":80,"column":4},"end":{"line":80,"column":14}},"locations":[{"start":{"line":80,"column":4},"end":{"line":80,"column":14}}]},"23":{"type":"branch","line":80,"loc":{"start":{"line":80,"column":11},"end":{"line":85,"column":19}},"locations":[{"start":{"line":80,"column":11},"end":{"line":85,"column":19}}]},"24":{"type":"branch","line":85,"loc":{"start":{"line":85,"column":14},"end":{"line":85,"column":49}},"locations":[{"start":{"line":85,"column":14},"end":{"line":85,"column":49}}]},"25":{"type":"branch","line":86,"loc":{"start":{"line":86,"column":4},"end":{"line":86,"column":20}},"locations":[{"start":{"line":86,"column":4},"end":{"line":86,"column":20}}]},"26":{"type":"branch","line":86,"loc":{"start":{"line":86,"column":19},"end":{"line":88,"column":23}},"locations":[{"start":{"line":86,"column":19},"end":{"line":88,"column":23}}]},"27":{"type":"branch","line":92,"loc":{"start":{"line":92,"column":6},"end":{"line":92,"column":23}},"locations":[{"start":{"line":92,"column":6},"end":{"line":92,"column":23}}]},"28":{"type":"branch","line":92,"loc":{"start":{"line":92,"column":22},"end":{"line":94,"column":22}},"locations":[{"start":{"line":92,"column":22},"end":{"line":94,"column":22}}]},"29":{"type":"branch","line":95,"loc":{"start":{"line":95,"column":2},"end":{"line":97,"column":1}},"locations":[{"start":{"line":95,"column":2},"end":{"line":97,"column":1}}]},"30":{"type":"branch","line":81,"loc":{"start":{"line":81,"column":38},"end":{"line":81,"column":51}},"locations":[{"start":{"line":81,"column":38},"end":{"line":81,"column":51}}]},"31":{"type":"branch","line":99,"loc":{"start":{"line":99,"column":22},"end":{"line":121,"column":1}},"locations":[{"start":{"line":99,"column":22},"end":{"line":121,"column":1}}]},"32":{"type":"branch","line":103,"loc":{"start":{"line":103,"column":4},"end":{"line":103,"column":10}},"locations":[{"start":{"line":103,"column":4},"end":{"line":103,"column":10}}]},"33":{"type":"branch","line":106,"loc":{"start":{"line":106,"column":27},"end":{"line":121,"column":1}},"locations":[{"start":{"line":106,"column":27},"end":{"line":121,"column":1}}]},"34":{"type":"branch","line":111,"loc":{"start":{"line":111,"column":8},"end":{"line":111,"column":23}},"locations":[{"start":{"line":111,"column":8},"end":{"line":111,"column":23}}]},"35":{"type":"branch","line":114,"loc":{"start":{"line":114,"column":36},"end":{"line":117,"column":7}},"locations":[{"start":{"line":114,"column":36},"end":{"line":117,"column":7}}]},"36":{"type":"branch","line":100,"loc":{"start":{"line":100,"column":38},"end":{"line":100,"column":51}},"locations":[{"start":{"line":100,"column":38},"end":{"line":100,"column":51}}]},"37":{"type":"branch","line":123,"loc":{"start":{"line":123,"column":16},"end":{"line":138,"column":1}},"locations":[{"start":{"line":123,"column":16},"end":{"line":138,"column":1}}]},"38":{"type":"branch","line":124,"loc":{"start":{"line":124,"column":19},"end":{"line":136,"column":3}},"locations":[{"start":{"line":124,"column":19},"end":{"line":136,"column":3}}]},"39":{"type":"branch","line":127,"loc":{"start":{"line":127,"column":38},"end":{"line":134,"column":5}},"locations":[{"start":{"line":127,"column":38},"end":{"line":134,"column":5}}]},"40":{"type":"branch","line":129,"loc":{"start":{"line":129,"column":8},"end":{"line":129,"column":56}},"locations":[{"start":{"line":129,"column":8},"end":{"line":129,"column":56}}]},"41":{"type":"branch","line":129,"loc":{"start":{"line":129,"column":29},"end":{"line":129,"column":38}},"locations":[{"start":{"line":129,"column":29},"end":{"line":129,"column":38}}]},"42":{"type":"branch","line":129,"loc":{"start":{"line":129,"column":34},"end":{"line":129,"column":55}},"locations":[{"start":{"line":129,"column":34},"end":{"line":129,"column":55}}]},"43":{"type":"branch","line":129,"loc":{"start":{"line":129,"column":55},"end":{"line":133,"column":78}},"locations":[{"start":{"line":129,"column":55},"end":{"line":133,"column":78}}]},"44":{"type":"branch","line":131,"loc":{"start":{"line":131,"column":8},"end":{"line":131,"column":77}},"locations":[{"start":{"line":131,"column":8},"end":{"line":131,"column":77}}]},"45":{"type":"branch","line":131,"loc":{"start":{"line":131,"column":49},"end":{"line":131,"column":58}},"locations":[{"start":{"line":131,"column":49},"end":{"line":131,"column":58}}]},"46":{"type":"branch","line":131,"loc":{"start":{"line":131,"column":54},"end":{"line":131,"column":75}},"locations":[{"start":{"line":131,"column":54},"end":{"line":131,"column":75}}]},"47":{"type":"branch","line":131,"loc":{"start":{"line":131,"column":76},"end":{"line":133,"column":78}},"locations":[{"start":{"line":131,"column":76},"end":{"line":133,"column":78}}]},"48":{"type":"branch","line":148,"loc":{"start":{"line":148,"column":2},"end":{"line":148,"column":17}},"locations":[{"start":{"line":148,"column":2},"end":{"line":148,"column":17}}]}},"b":{"0":[5],"1":[5],"2":[4],"3":[1],"4":[4],"5":[1],"6":[45],"7":[73],"8":[0],"9":[4],"10":[69],"11":[37],"12":[4],"13":[6],"14":[0],"15":[18],"16":[3],"17":[15],"18":[1],"19":[0],"20":[0],"21":[4],"22":[1],"23":[3],"24":[1],"25":[1],"26":[2],"27":[3],"28":[1],"29":[1],"30":[5],"31":[3],"32":[0],"33":[2],"34":[0],"35":[1],"36":[5],"37":[3],"38":[6],"39":[10],"40":[6],"41":[4],"42":[2],"43":[4],"44":[3],"45":[2],"46":[1],"47":[1],"48":[5]},"fnMap":{"0":{"name":"includeChinese","decl":{"start":{"line":8,"column":23},"end":{"line":10,"column":1}},"loc":{"start":{"line":8,"column":23},"end":{"line":10,"column":1}},"line":8},"1":{"name":"createFileName","decl":{"start":{"line":12,"column":23},"end":{"line":23,"column":1}},"loc":{"start":{"line":12,"column":23},"end":{"line":23,"column":1}},"line":12},"2":{"name":"lexicalComparator","decl":{"start":{"line":25,"column":26},"end":{"line":38,"column":1}},"loc":{"start":{"line":25,"column":26},"end":{"line":38,"column":1}},"line":25},"3":{"name":"sortObjectKey","decl":{"start":{"line":46,"column":22},"end":{"line":60,"column":1}},"loc":{"start":{"line":46,"column":22},"end":{"line":60,"column":1}},"line":46},"4":{"name":"writeToJsonFile","decl":{"start":{"line":62,"column":24},"end":{"line":73,"column":1}},"loc":{"start":{"line":62,"column":24},"end":{"line":73,"column":1}},"line":62},"5":{"name":"getValueByKey","decl":{"start":{"line":78,"column":22},"end":{"line":97,"column":1}},"loc":{"start":{"line":78,"column":22},"end":{"line":97,"column":1}},"line":78},"6":{"name":"setValueByKey","decl":{"start":{"line":99,"column":22},"end":{"line":121,"column":1}},"loc":{"start":{"line":99,"column":22},"end":{"line":121,"column":1}},"line":99},"7":{"name":"getKeys","decl":{"start":{"line":123,"column":16},"end":{"line":138,"column":1}},"loc":{"start":{"line":123,"column":16},"end":{"line":138,"column":1}},"line":123},"8":{"name":"_getKeys","decl":{"start":{"line":124,"column":19},"end":{"line":136,"column":3}},"loc":{"start":{"line":124,"column":19},"end":{"line":136,"column":3}},"line":124},"9":{"name":"get","decl":{"start":{"line":148,"column":2},"end":{"line":148,"column":17}},"loc":{"start":{"line":148,"column":2},"end":{"line":148,"column":17}},"line":148}},"f":{"0":5,"1":5,"2":45,"3":6,"4":1,"5":4,"6":3,"7":3,"8":6,"9":5}}
,"/Users/code/work/yoStar/yo-auto-i18n/packages/core/src/utils/log.ts": {"path":"/Users/code/work/yoStar/yo-auto-i18n/packages/core/src/utils/log.ts","all":false,"statementMap":{"0":{"start":{"line":1,"column":0},"end":{"line":1,"column":25}},"1":{"start":{"line":2,"column":0},"end":{"line":2,"column":48}},"2":{"start":{"line":3,"column":0},"end":{"line":3,"column":0}},"3":{"start":{"line":4,"column":0},"end":{"line":4,"column":13}},"4":{"start":{"line":5,"column":0},"end":{"line":5,"column":90}},"5":{"start":{"line":6,"column":0},"end":{"line":6,"column":100}},"6":{"start":{"line":7,"column":0},"end":{"line":7,"column":98}},"7":{"start":{"line":8,"column":0},"end":{"line":8,"column":57}},"8":{"start":{"line":9,"column":0},"end":{"line":9,"column":39}},"9":{"start":{"line":10,"column":0},"end":{"line":10,"column":19}},"10":{"start":{"line":11,"column":0},"end":{"line":11,"column":20}},"11":{"start":{"line":12,"column":0},"end":{"line":12,"column":48}},"12":{"start":{"line":13,"column":0},"end":{"line":13,"column":87}},"13":{"start":{"line":14,"column":0},"end":{"line":14,"column":30}},"14":{"start":{"line":15,"column":0},"end":{"line":15,"column":46}},"15":{"start":{"line":16,"column":0},"end":{"line":16,"column":86}},"16":{"start":{"line":17,"column":0},"end":{"line":17,"column":33}},"17":{"start":{"line":18,"column":0},"end":{"line":18,"column":1}},"18":{"start":{"line":19,"column":0},"end":{"line":19,"column":0}},"19":{"start":{"line":20,"column":0},"end":{"line":20,"column":18}}},"s":{"0":1,"1":1,"2":1,"3":1,"4":1,"5":1,"6":1,"7":1,"8":6,"9":6,"10":6,"11":1,"12":1,"13":1,"14":1,"15":1,"16":1,"17":1,"18":1,"19":1},"branchMap":{"0":{"type":"branch","line":5,"loc":{"start":{"line":5,"column":8},"end":{"line":5,"column":90}},"locations":[{"start":{"line":5,"column":8},"end":{"line":5,"column":90}}]},"1":{"type":"branch","line":6,"loc":{"start":{"line":6,"column":11},"end":{"line":6,"column":100}},"locations":[{"start":{"line":6,"column":11},"end":{"line":6,"column":100}}]},"2":{"type":"branch","line":7,"loc":{"start":{"line":7,"column":11},"end":{"line":7,"column":98}},"locations":[{"start":{"line":7,"column":11},"end":{"line":7,"column":98}}]},"3":{"type":"branch","line":8,"loc":{"start":{"line":8,"column":9},"end":{"line":11,"column":20}},"locations":[{"start":{"line":8,"column":9},"end":{"line":11,"column":20}}]},"4":{"type":"branch","line":12,"loc":{"start":{"line":12,"column":11},"end":{"line":14,"column":30}},"locations":[{"start":{"line":12,"column":11},"end":{"line":14,"column":30}}]},"5":{"type":"branch","line":15,"loc":{"start":{"line":15,"column":9},"end":{"line":17,"column":33}},"locations":[{"start":{"line":15,"column":9},"end":{"line":17,"column":33}}]}},"b":{"0":[2],"1":[1],"2":[1],"3":[6],"4":[1],"5":[1]},"fnMap":{"0":{"name":"info","decl":{"start":{"line":5,"column":8},"end":{"line":5,"column":90}},"loc":{"start":{"line":5,"column":8},"end":{"line":5,"column":90}},"line":5},"1":{"name":"warning","decl":{"start":{"line":6,"column":11},"end":{"line":6,"column":100}},"loc":{"start":{"line":6,"column":11},"end":{"line":6,"column":100}},"line":6},"2":{"name":"success","decl":{"start":{"line":7,"column":11},"end":{"line":7,"column":98}},"loc":{"start":{"line":7,"column":11},"end":{"line":7,"column":98}},"line":7},"3":{"name":"error","decl":{"start":{"line":8,"column":9},"end":{"line":11,"column":20}},"loc":{"start":{"line":8,"column":9},"end":{"line":11,"column":20}},"line":8},"4":{"name":"verbose","decl":{"start":{"line":12,"column":11},"end":{"line":14,"column":30}},"loc":{"start":{"line":12,"column":11},"end":{"line":14,"column":30}},"line":12},"5":{"name":"debug","decl":{"start":{"line":15,"column":9},"end":{"line":17,"column":33}},"loc":{"start":{"line":15,"column":9},"end":{"line":17,"column":33}},"line":15}},"f":{"0":2,"1":1,"2":1,"3":6,"4":1,"5":1}}
}
